<html>
<head>
<title>TestNG:  Test</title>
<link href="../testng.css" rel="stylesheet" type="text/css" />
<link href="../my-testng.css" rel="stylesheet" type="text/css" />

<style type="text/css">
.log { display: none;} 
.stack-trace { display: none;} 
</style>
<script type="text/javascript">
<!--
function flip(e) {
  current = e.style.display;
  if (current == 'block') {
    e.style.display = 'none';
    return 0;
  }
  else {
    e.style.display = 'block';
    return 1;
  }
}

function toggleBox(szDivId, elem, msg1, msg2)
{
  var res = -1;  if (document.getElementById) {
    res = flip(document.getElementById(szDivId));
  }
  else if (document.all) {
    // this is the way old msie versions work
    res = flip(document.all[szDivId]);
  }
  if(elem) {
    if(res == 0) elem.innerHTML = msg1; else elem.innerHTML = msg2;
  }

}

function toggleAllBoxes() {
  if (document.getElementsByTagName) {
    d = document.getElementsByTagName('div');
    for (i = 0; i < d.length; i++) {
      if (d[i].className == 'log') {
        flip(d[i]);
      }
    }
  }
}

// -->
</script>

</head>
<body>
<h2 align='center'>Test</h2><table border='1' align="center">
<tr>
<td>Tests passed/Failed/Skipped:</td><td>1/3/10</td>
</tr><tr>
<td>Started on:</td><td>Fri Apr 18 14:51:36 IST 2025</td>
</tr>
<tr><td>Total time:</td><td>198 seconds (198989 ms)</td>
</tr><tr>
<td>Included groups:</td><td></td>
</tr><tr>
<td>Excluded groups:</td><td></td>
</tr>
</table><p/>
<small><i>(Hover the method name to see the test class name)</i></small><p/>
<table width='100%' border='1' class='invocation-failed'>
<tr><td colspan='4' align='center'><b>FAILED CONFIGURATIONS</b></td></tr>
<tr><td><b>Test method</b></td>
<td><b>Attribute(s)</b></td>
<td width="30%"><b>Exception</b></td>
<td width="10%"><b>Time (seconds)</b></td>
<td><b>Instance</b></td>
</tr>
<tr>
<td title='Organization_ModuleTest.CreateOrgWithPhoneNumberTest.afterMethod()'><b>afterMethod</b><br>Test class: Organization_ModuleTest.CreateOrgWithPhoneNumberTest<br/>
<a href="#Output-1560244891" onClick='toggleBox("Output-1560244891", this, "Show output", "Hide output");'>Show output</a>

<a href="#Output-1560244891" onClick="toggleAllBoxes();">Show all outputs</a>
<div class='log' id="Output-1560244891">
Logout of the appln<br/>
</div>
</td>
<td><div><pre>org.openqa.selenium.ElementNotInteractableException: element not interactable
  (Session info: chrome=135.0.7049.96)
Build info: version: &apos;4.27.0&apos;, revision: &apos;d6e718d134&apos;
System info: os.name: &apos;Windows 10&apos;, os.arch: &apos;amd64&apos;, os.version: &apos;10.0&apos;, java.version: &apos;23.0.1&apos;
Driver info: org.openqa.selenium.chrome.ChromeDriver
Command: [d8b742e90ff32dd2cac1ebf35c8ba4c5, clickElement {id=f.F181AE2173D20306A68814BC39904B52.d.E0104B5E5C54F4823DADD4D84134DC24.e.1144}]
Capabilities {acceptInsecureCerts: false, browserName: chrome, browserVersion: 135.0.7049.96, chrome: {chromedriverVersion: 135.0.7049.95 (de2eb485a195..., userDataDir: C:\Users\HP\AppData\Local\T...}, fedcm:accounts: true, goog:chromeOptions: {debuggerAddress: localhost:55771}, networkConnectionEnabled: false, pageLoadStrategy: normal, platformName: windows, proxy: Proxy(), se:cdp: ws://localhost:55771/devtoo..., se:cdpVersion: 135.0.7049.96, setWindowRect: true, strictFileInteractability: false, timeouts: {implicit: 0, pageLoad: 300000, script: 30000}, unhandledPromptBehavior: dismiss and notify, webauthn:extension:credBlob: true, webauthn:extension:largeBlob: true, webauthn:extension:minPinLength: true, webauthn:extension:prf: true, webauthn:virtualAuthenticators: true}
Element: [[ChromeDriver: chrome on windows (d8b742e90ff32dd2cac1ebf35c8ba4c5)] -&gt; xpath: //a[text()=&apos;Sign Out&apos;]]
Session ID: d8b742e90ff32dd2cac1ebf35c8ba4c5
	at org.openqa.selenium.remote.ErrorCodec.decode(ErrorCodec.java:167)
	at org.openqa.selenium.remote.codec.w3c.W3CHttpResponseCodec.decode(W3CHttpResponseCodec.java:138)
	at org.openqa.selenium.remote.codec.w3c.W3CHttpResponseCodec.decode(W3CHttpResponseCodec.java:50)
	at org.openqa.selenium.remote.HttpCommandExecutor.execute(HttpCommandExecutor.java:190)
	at org.openqa.selenium.remote.service.DriverCommandExecutor.invokeExecute(DriverCommandExecutor.java:216)
	at org.openqa.selenium.remote.service.DriverCommandExecutor.execute(DriverCommandExecutor.java:174)
	at org.openqa.selenium.remote.RemoteWebDriver.execute(RemoteWebDriver.java:545)
	at org.openqa.selenium.remote.RemoteWebElement.execute(RemoteWebElement.java:223)
	at org.openqa.selenium.remote.RemoteWebElement.click(RemoteWebElement.java:76)
	at org.openqa.selenium.support.pagefactory.internal.LocatingElementHandler.invoke(LocatingElementHandler.java:51)
	at jdk.proxy2/jdk.proxy2.$Proxy22.click(Unknown Source)
	at PomPages.HomePage.logout(HomePage.java:57)
	at BaseclassUtility.Baseclass.afterMethod(Baseclass.java:88)
	at java.base/java.util.ArrayList.forEach(ArrayList.java:1597)
... Removed 35 stack frames</pre></div><a href='#' onClick='toggleBox("stack-trace1560244891", this, "Click to show all stack frames", "Click to hide stack frames")'>Click to show all stack frames</a>
<div class='stack-trace' id='stack-trace1560244891'><pre>org.openqa.selenium.ElementNotInteractableException: element not interactable
  (Session info: chrome=135.0.7049.96)
Build info: version: &apos;4.27.0&apos;, revision: &apos;d6e718d134&apos;
System info: os.name: &apos;Windows 10&apos;, os.arch: &apos;amd64&apos;, os.version: &apos;10.0&apos;, java.version: &apos;23.0.1&apos;
Driver info: org.openqa.selenium.chrome.ChromeDriver
Command: [d8b742e90ff32dd2cac1ebf35c8ba4c5, clickElement {id=f.F181AE2173D20306A68814BC39904B52.d.E0104B5E5C54F4823DADD4D84134DC24.e.1144}]
Capabilities {acceptInsecureCerts: false, browserName: chrome, browserVersion: 135.0.7049.96, chrome: {chromedriverVersion: 135.0.7049.95 (de2eb485a195..., userDataDir: C:\Users\HP\AppData\Local\T...}, fedcm:accounts: true, goog:chromeOptions: {debuggerAddress: localhost:55771}, networkConnectionEnabled: false, pageLoadStrategy: normal, platformName: windows, proxy: Proxy(), se:cdp: ws://localhost:55771/devtoo..., se:cdpVersion: 135.0.7049.96, setWindowRect: true, strictFileInteractability: false, timeouts: {implicit: 0, pageLoad: 300000, script: 30000}, unhandledPromptBehavior: dismiss and notify, webauthn:extension:credBlob: true, webauthn:extension:largeBlob: true, webauthn:extension:minPinLength: true, webauthn:extension:prf: true, webauthn:virtualAuthenticators: true}
Element: [[ChromeDriver: chrome on windows (d8b742e90ff32dd2cac1ebf35c8ba4c5)] -&gt; xpath: //a[text()=&apos;Sign Out&apos;]]
Session ID: d8b742e90ff32dd2cac1ebf35c8ba4c5
	at java.base/jdk.internal.reflect.DirectConstructorHandleAccessor.newInstance(DirectConstructorHandleAccessor.java:62)
	at java.base/java.lang.reflect.Constructor.newInstanceWithCaller(Constructor.java:501)
	at java.base/java.lang.reflect.Constructor.newInstance(Constructor.java:485)
	at org.openqa.selenium.remote.ErrorCodec.decode(ErrorCodec.java:167)
	at org.openqa.selenium.remote.codec.w3c.W3CHttpResponseCodec.decode(W3CHttpResponseCodec.java:138)
	at org.openqa.selenium.remote.codec.w3c.W3CHttpResponseCodec.decode(W3CHttpResponseCodec.java:50)
	at org.openqa.selenium.remote.HttpCommandExecutor.execute(HttpCommandExecutor.java:190)
	at org.openqa.selenium.remote.service.DriverCommandExecutor.invokeExecute(DriverCommandExecutor.java:216)
	at org.openqa.selenium.remote.service.DriverCommandExecutor.execute(DriverCommandExecutor.java:174)
	at org.openqa.selenium.remote.RemoteWebDriver.execute(RemoteWebDriver.java:545)
	at org.openqa.selenium.remote.RemoteWebElement.execute(RemoteWebElement.java:223)
	at org.openqa.selenium.remote.RemoteWebElement.click(RemoteWebElement.java:76)
	at java.base/jdk.internal.reflect.DirectMethodHandleAccessor.invoke(DirectMethodHandleAccessor.java:103)
	at java.base/java.lang.reflect.Method.invoke(Method.java:580)
	at org.openqa.selenium.support.pagefactory.internal.LocatingElementHandler.invoke(LocatingElementHandler.java:51)
	at jdk.proxy2/jdk.proxy2.$Proxy22.click(Unknown Source)
	at PomPages.HomePage.logout(HomePage.java:57)
	at BaseclassUtility.Baseclass.afterMethod(Baseclass.java:88)
	at java.base/jdk.internal.reflect.DirectMethodHandleAccessor.invoke(DirectMethodHandleAccessor.java:103)
	at java.base/java.lang.reflect.Method.invoke(Method.java:580)
	at org.testng.internal.invokers.MethodInvocationHelper.invokeMethod(MethodInvocationHelper.java:141)
	at org.testng.internal.invokers.MethodInvocationHelper.invokeMethodConsideringTimeout(MethodInvocationHelper.java:71)
	at org.testng.internal.invokers.ConfigInvoker.invokeConfigurationMethod(ConfigInvoker.java:400)
	at org.testng.internal.invokers.ConfigInvoker.invokeConfigurations(ConfigInvoker.java:333)
	at org.testng.internal.invokers.TestInvoker.runConfigMethods(TestInvoker.java:833)
	at org.testng.internal.invokers.TestInvoker.runAfterConfigurations(TestInvoker.java:802)
	at org.testng.internal.invokers.TestInvoker.invokeMethod(TestInvoker.java:778)
	at org.testng.internal.invokers.TestInvoker.retryFailed(TestInvoker.java:269)
	at org.testng.internal.invokers.MethodRunner.runInSequence(MethodRunner.java:76)
	at org.testng.internal.invokers.TestInvoker$MethodInvocationAgent.invoke(TestInvoker.java:992)
	at org.testng.internal.invokers.TestInvoker.invokeTestMethods(TestInvoker.java:203)
	at org.testng.internal.invokers.TestMethodWorker.invokeTestMethods(TestMethodWorker.java:154)
	at org.testng.internal.invokers.TestMethodWorker.run(TestMethodWorker.java:134)
	at java.base/java.util.ArrayList.forEach(ArrayList.java:1597)
	at org.testng.TestRunner.privateRun(TestRunner.java:739)
	at org.testng.TestRunner.run(TestRunner.java:614)
	at org.testng.SuiteRunner.runTest(SuiteRunner.java:421)
	at org.testng.SuiteRunner.runSequentially(SuiteRunner.java:413)
	at org.testng.SuiteRunner.privateRun(SuiteRunner.java:373)
	at org.testng.SuiteRunner.run(SuiteRunner.java:312)
	at org.testng.SuiteRunnerWorker.runSuite(SuiteRunnerWorker.java:52)
	at org.testng.SuiteRunnerWorker.run(SuiteRunnerWorker.java:95)
	at org.testng.TestNG.runSuitesSequentially(TestNG.java:1274)
	at org.testng.TestNG.runSuitesLocally(TestNG.java:1208)
	at org.testng.TestNG.runSuites(TestNG.java:1112)
	at org.testng.TestNG.run(TestNG.java:1079)
	at org.testng.remote.AbstractRemoteTestNG.run(AbstractRemoteTestNG.java:115)
	at org.testng.remote.RemoteTestNG.initAndRun(RemoteTestNG.java:293)
	at org.testng.remote.RemoteTestNG.main(RemoteTestNG.java:91)
</pre></div></td>
<td>10</td>
<td>Organization_ModuleTest.CreateOrgWithPhoneNumberTest@707194ba</td></tr>
</table><p>
<table width='100%' border='1' class='invocation-skipped'>
<tr><td colspan='4' align='center'><b>SKIPPED CONFIGURATIONS</b></td></tr>
<tr><td><b>Test method</b></td>
<td><b>Attribute(s)</b></td>
<td width="30%"><b>Exception</b></td>
<td width="10%"><b>Time (seconds)</b></td>
<td><b>Instance</b></td>
</tr>
<tr>
<td title='Organization_ModuleTest.CreateOrgWithPhoneNumberTest.afterClass()'><b>afterClass</b><br>Test class: Organization_ModuleTest.CreateOrgWithPhoneNumberTest</td>
<td></td>
<td>0</td>
<td>Organization_ModuleTest.CreateOrgWithPhoneNumberTest@707194ba</td></tr>
</table><p>
<table width='100%' border='1' class='invocation-failed'>
<tr><td colspan='4' align='center'><b>FAILED TESTS</b></td></tr>
<tr><td><b>Test method</b></td>
<td><b>Attribute(s)</b></td>
<td width="30%"><b>Exception</b></td>
<td width="10%"><b>Time (seconds)</b></td>
<td><b>Instance</b></td>
</tr>
<tr>
<td title='Organization_ModuleTest.CreateOrgWithPhoneNumberTest.createOrgWithIndAndType()'><b>createOrgWithIndAndType</b><br>Test class: Organization_ModuleTest.CreateOrgWithPhoneNumberTest<br/>
<a href="#Output-870627780" onClick='toggleBox("Output-870627780", this, "Show output", "Hide output");'>Show output</a>

<a href="#Output-870627780" onClick="toggleAllBoxes();">Show all outputs</a>
<div class='log' id="Output-870627780">
createOrgWithIndAndType----started--<br/>
createOrgWithIndAndType--failed--<br/>
</div>
</td>
<td><div><pre>java.lang.NullPointerException: Cannot invoke &quot;org.apache.poi.ss.usermodel.Sheet.getRow(int)&quot; because &quot;sh&quot; is null
	at GenericUtilities.Excel_Utility.FetchDataFromExcelFile(Excel_Utility.java:23)
	at Organization_ModuleTest.CreateOrgWithPhoneNumberTest.createOrgWithIndAndType(CreateOrgWithPhoneNumberTest.java:35)
	at java.base/java.util.ArrayList.forEach(ArrayList.java:1597)
... Removed 25 stack frames</pre></div><a href='#' onClick='toggleBox("stack-trace870627780", this, "Click to show all stack frames", "Click to hide stack frames")'>Click to show all stack frames</a>
<div class='stack-trace' id='stack-trace870627780'><pre>java.lang.NullPointerException: Cannot invoke &quot;org.apache.poi.ss.usermodel.Sheet.getRow(int)&quot; because &quot;sh&quot; is null
	at GenericUtilities.Excel_Utility.FetchDataFromExcelFile(Excel_Utility.java:23)
	at Organization_ModuleTest.CreateOrgWithPhoneNumberTest.createOrgWithIndAndType(CreateOrgWithPhoneNumberTest.java:35)
	at java.base/jdk.internal.reflect.DirectMethodHandleAccessor.invoke(DirectMethodHandleAccessor.java:103)
	at java.base/java.lang.reflect.Method.invoke(Method.java:580)
	at org.testng.internal.invokers.MethodInvocationHelper.invokeMethod(MethodInvocationHelper.java:141)
	at org.testng.internal.invokers.TestInvoker.invokeMethod(TestInvoker.java:686)
	at org.testng.internal.invokers.TestInvoker.retryFailed(TestInvoker.java:269)
	at org.testng.internal.invokers.MethodRunner.runInSequence(MethodRunner.java:76)
	at org.testng.internal.invokers.TestInvoker$MethodInvocationAgent.invoke(TestInvoker.java:992)
	at org.testng.internal.invokers.TestInvoker.invokeTestMethods(TestInvoker.java:203)
	at org.testng.internal.invokers.TestMethodWorker.invokeTestMethods(TestMethodWorker.java:154)
	at org.testng.internal.invokers.TestMethodWorker.run(TestMethodWorker.java:134)
	at java.base/java.util.ArrayList.forEach(ArrayList.java:1597)
	at org.testng.TestRunner.privateRun(TestRunner.java:739)
	at org.testng.TestRunner.run(TestRunner.java:614)
	at org.testng.SuiteRunner.runTest(SuiteRunner.java:421)
	at org.testng.SuiteRunner.runSequentially(SuiteRunner.java:413)
	at org.testng.SuiteRunner.privateRun(SuiteRunner.java:373)
	at org.testng.SuiteRunner.run(SuiteRunner.java:312)
	at org.testng.SuiteRunnerWorker.runSuite(SuiteRunnerWorker.java:52)
	at org.testng.SuiteRunnerWorker.run(SuiteRunnerWorker.java:95)
	at org.testng.TestNG.runSuitesSequentially(TestNG.java:1274)
	at org.testng.TestNG.runSuitesLocally(TestNG.java:1208)
	at org.testng.TestNG.runSuites(TestNG.java:1112)
	at org.testng.TestNG.run(TestNG.java:1079)
	at org.testng.remote.AbstractRemoteTestNG.run(AbstractRemoteTestNG.java:115)
	at org.testng.remote.RemoteTestNG.initAndRun(RemoteTestNG.java:293)
	at org.testng.remote.RemoteTestNG.main(RemoteTestNG.java:91)
</pre></div></td>
<td>0</td>
<td>Organization_ModuleTest.CreateOrgWithPhoneNumberTest@707194ba</td></tr>
<tr>
<td title='Contact_Module.CreatewithSuppDateTest.CreatewithSuppDateT()'><b>CreatewithSuppDateT</b><br>Test class: Contact_Module.CreatewithSuppDateTest<br/>
<a href="#Output-815648243" onClick='toggleBox("Output-815648243", this, "Show output", "Hide output");'>Show output</a>

<a href="#Output-815648243" onClick="toggleAllBoxes();">Show all outputs</a>
<div class='log' id="Output-815648243">
CreatewithSuppDateT----started--<br/>
CreatewithSuppDateT--failed--<br/>
</div>
</td>
<td><div><pre>org.openqa.selenium.NoSuchElementException: no such element: Unable to locate element: {&quot;method&quot;:&quot;css selector&quot;,&quot;selector&quot;:&quot;#mouseArea_Last\ Name&quot;}
  (Session info: chrome=135.0.7049.96)
For documentation on this error, please visit: https://www.selenium.dev/documentation/webdriver/troubleshooting/errors#no-such-element-exception
Build info: version: &apos;4.27.0&apos;, revision: &apos;d6e718d134&apos;
System info: os.name: &apos;Windows 10&apos;, os.arch: &apos;amd64&apos;, os.version: &apos;10.0&apos;, java.version: &apos;23.0.1&apos;
Driver info: org.openqa.selenium.chrome.ChromeDriver
Command: [da3d8fc5f57ff27e63392795036b1570, findElement {value=mouseArea_Last Name, using=id}]
Capabilities {acceptInsecureCerts: false, browserName: chrome, browserVersion: 135.0.7049.96, chrome: {chromedriverVersion: 135.0.7049.95 (de2eb485a195..., userDataDir: C:\Users\HP\AppData\Local\T...}, fedcm:accounts: true, goog:chromeOptions: {debuggerAddress: localhost:55729}, networkConnectionEnabled: false, pageLoadStrategy: normal, platformName: windows, proxy: Proxy(), se:cdp: ws://localhost:55729/devtoo..., se:cdpVersion: 135.0.7049.96, setWindowRect: true, strictFileInteractability: false, timeouts: {implicit: 0, pageLoad: 300000, script: 30000}, unhandledPromptBehavior: dismiss and notify, webauthn:extension:credBlob: true, webauthn:extension:largeBlob: true, webauthn:extension:minPinLength: true, webauthn:extension:prf: true, webauthn:virtualAuthenticators: true}
Session ID: da3d8fc5f57ff27e63392795036b1570
	at org.openqa.selenium.remote.ErrorCodec.decode(ErrorCodec.java:167)
	at org.openqa.selenium.remote.codec.w3c.W3CHttpResponseCodec.decode(W3CHttpResponseCodec.java:138)
	at org.openqa.selenium.remote.codec.w3c.W3CHttpResponseCodec.decode(W3CHttpResponseCodec.java:50)
	at org.openqa.selenium.remote.HttpCommandExecutor.execute(HttpCommandExecutor.java:190)
	at org.openqa.selenium.remote.service.DriverCommandExecutor.invokeExecute(DriverCommandExecutor.java:216)
	at org.openqa.selenium.remote.service.DriverCommandExecutor.execute(DriverCommandExecutor.java:174)
	at org.openqa.selenium.remote.RemoteWebDriver.execute(RemoteWebDriver.java:545)
	at org.openqa.selenium.remote.ElementLocation$ElementFinder$2.findElement(ElementLocation.java:165)
	at org.openqa.selenium.remote.ElementLocation.findElement(ElementLocation.java:59)
	at org.openqa.selenium.remote.RemoteWebDriver.findElement(RemoteWebDriver.java:368)
	at org.openqa.selenium.remote.RemoteWebDriver.findElement(RemoteWebDriver.java:362)
	at org.openqa.selenium.support.pagefactory.DefaultElementLocator.findElement(DefaultElementLocator.java:68)
	at org.openqa.selenium.support.pagefactory.internal.LocatingElementHandler.invoke(LocatingElementHandler.java:38)
	at jdk.proxy2/jdk.proxy2.$Proxy22.getText(Unknown Source)
	at PomPages.ContactDetailsPomPage.getVerifyLastname(ContactDetailsPomPage.java:38)
	at Contact_Module.CreatewithSuppDateTest.CreatewithSuppDateT(CreatewithSuppDateTest.java:87)
	at java.base/java.util.ArrayList.forEach(ArrayList.java:1597)
... Removed 28 stack frames</pre></div><a href='#' onClick='toggleBox("stack-trace815648243", this, "Click to show all stack frames", "Click to hide stack frames")'>Click to show all stack frames</a>
<div class='stack-trace' id='stack-trace815648243'><pre>org.openqa.selenium.NoSuchElementException: no such element: Unable to locate element: {&quot;method&quot;:&quot;css selector&quot;,&quot;selector&quot;:&quot;#mouseArea_Last\ Name&quot;}
  (Session info: chrome=135.0.7049.96)
For documentation on this error, please visit: https://www.selenium.dev/documentation/webdriver/troubleshooting/errors#no-such-element-exception
Build info: version: &apos;4.27.0&apos;, revision: &apos;d6e718d134&apos;
System info: os.name: &apos;Windows 10&apos;, os.arch: &apos;amd64&apos;, os.version: &apos;10.0&apos;, java.version: &apos;23.0.1&apos;
Driver info: org.openqa.selenium.chrome.ChromeDriver
Command: [da3d8fc5f57ff27e63392795036b1570, findElement {value=mouseArea_Last Name, using=id}]
Capabilities {acceptInsecureCerts: false, browserName: chrome, browserVersion: 135.0.7049.96, chrome: {chromedriverVersion: 135.0.7049.95 (de2eb485a195..., userDataDir: C:\Users\HP\AppData\Local\T...}, fedcm:accounts: true, goog:chromeOptions: {debuggerAddress: localhost:55729}, networkConnectionEnabled: false, pageLoadStrategy: normal, platformName: windows, proxy: Proxy(), se:cdp: ws://localhost:55729/devtoo..., se:cdpVersion: 135.0.7049.96, setWindowRect: true, strictFileInteractability: false, timeouts: {implicit: 0, pageLoad: 300000, script: 30000}, unhandledPromptBehavior: dismiss and notify, webauthn:extension:credBlob: true, webauthn:extension:largeBlob: true, webauthn:extension:minPinLength: true, webauthn:extension:prf: true, webauthn:virtualAuthenticators: true}
Session ID: da3d8fc5f57ff27e63392795036b1570
	at java.base/jdk.internal.reflect.DirectConstructorHandleAccessor.newInstance(DirectConstructorHandleAccessor.java:62)
	at java.base/java.lang.reflect.Constructor.newInstanceWithCaller(Constructor.java:501)
	at java.base/java.lang.reflect.Constructor.newInstance(Constructor.java:485)
	at org.openqa.selenium.remote.ErrorCodec.decode(ErrorCodec.java:167)
	at org.openqa.selenium.remote.codec.w3c.W3CHttpResponseCodec.decode(W3CHttpResponseCodec.java:138)
	at org.openqa.selenium.remote.codec.w3c.W3CHttpResponseCodec.decode(W3CHttpResponseCodec.java:50)
	at org.openqa.selenium.remote.HttpCommandExecutor.execute(HttpCommandExecutor.java:190)
	at org.openqa.selenium.remote.service.DriverCommandExecutor.invokeExecute(DriverCommandExecutor.java:216)
	at org.openqa.selenium.remote.service.DriverCommandExecutor.execute(DriverCommandExecutor.java:174)
	at org.openqa.selenium.remote.RemoteWebDriver.execute(RemoteWebDriver.java:545)
	at org.openqa.selenium.remote.ElementLocation$ElementFinder$2.findElement(ElementLocation.java:165)
	at org.openqa.selenium.remote.ElementLocation.findElement(ElementLocation.java:59)
	at org.openqa.selenium.remote.RemoteWebDriver.findElement(RemoteWebDriver.java:368)
	at org.openqa.selenium.remote.RemoteWebDriver.findElement(RemoteWebDriver.java:362)
	at org.openqa.selenium.support.pagefactory.DefaultElementLocator.findElement(DefaultElementLocator.java:68)
	at org.openqa.selenium.support.pagefactory.internal.LocatingElementHandler.invoke(LocatingElementHandler.java:38)
	at jdk.proxy2/jdk.proxy2.$Proxy22.getText(Unknown Source)
	at PomPages.ContactDetailsPomPage.getVerifyLastname(ContactDetailsPomPage.java:38)
	at Contact_Module.CreatewithSuppDateTest.CreatewithSuppDateT(CreatewithSuppDateTest.java:87)
	at java.base/jdk.internal.reflect.DirectMethodHandleAccessor.invoke(DirectMethodHandleAccessor.java:103)
	at java.base/java.lang.reflect.Method.invoke(Method.java:580)
	at org.testng.internal.invokers.MethodInvocationHelper.invokeMethod(MethodInvocationHelper.java:141)
	at org.testng.internal.invokers.TestInvoker.invokeMethod(TestInvoker.java:686)
	at org.testng.internal.invokers.TestInvoker.invokeTestMethod(TestInvoker.java:230)
	at org.testng.internal.invokers.MethodRunner.runInSequence(MethodRunner.java:63)
	at org.testng.internal.invokers.TestInvoker$MethodInvocationAgent.invoke(TestInvoker.java:992)
	at org.testng.internal.invokers.TestInvoker.invokeTestMethods(TestInvoker.java:203)
	at org.testng.internal.invokers.TestMethodWorker.invokeTestMethods(TestMethodWorker.java:154)
	at org.testng.internal.invokers.TestMethodWorker.run(TestMethodWorker.java:134)
	at java.base/java.util.ArrayList.forEach(ArrayList.java:1597)
	at org.testng.TestRunner.privateRun(TestRunner.java:739)
	at org.testng.TestRunner.run(TestRunner.java:614)
	at org.testng.SuiteRunner.runTest(SuiteRunner.java:421)
	at org.testng.SuiteRunner.runSequentially(SuiteRunner.java:413)
	at org.testng.SuiteRunner.privateRun(SuiteRunner.java:373)
	at org.testng.SuiteRunner.run(SuiteRunner.java:312)
	at org.testng.SuiteRunnerWorker.runSuite(SuiteRunnerWorker.java:52)
	at org.testng.SuiteRunnerWorker.run(SuiteRunnerWorker.java:95)
	at org.testng.TestNG.runSuitesSequentially(TestNG.java:1274)
	at org.testng.TestNG.runSuitesLocally(TestNG.java:1208)
	at org.testng.TestNG.runSuites(TestNG.java:1112)
	at org.testng.TestNG.run(TestNG.java:1079)
	at org.testng.remote.AbstractRemoteTestNG.run(AbstractRemoteTestNG.java:115)
	at org.testng.remote.RemoteTestNG.initAndRun(RemoteTestNG.java:293)
	at org.testng.remote.RemoteTestNG.main(RemoteTestNG.java:91)
</pre></div></td>
<td>25</td>
<td>Contact_Module.CreatewithSuppDateTest@75db5df9</td></tr>
<tr>
<td title='Organization_ModuleTest.CreateOrgWithIndustryAndTypeTest.createOrgWithPhnNoTest()'><b>createOrgWithPhnNoTest</b><br>Test class: Organization_ModuleTest.CreateOrgWithIndustryAndTypeTest<br/>
<a href="#Output-1711154833" onClick='toggleBox("Output-1711154833", this, "Show output", "Hide output");'>Show output</a>

<a href="#Output-1711154833" onClick="toggleAllBoxes();">Show all outputs</a>
<div class='log' id="Output-1711154833">
createOrgWithPhnNoTest----started--<br/>
createOrgWithPhnNoTest--failed--<br/>
</div>
</td>
<td><div><pre>java.lang.NullPointerException: Cannot invoke &quot;org.apache.poi.ss.usermodel.Sheet.getRow(int)&quot; because &quot;sh&quot; is null
	at GenericUtilities.Excel_Utility.FetchDataFromExcelFile(Excel_Utility.java:23)
	at Organization_ModuleTest.CreateOrgWithIndustryAndTypeTest.createOrgWithPhnNoTest(CreateOrgWithIndustryAndTypeTest.java:36)
	at java.base/java.util.ArrayList.forEach(ArrayList.java:1597)
... Removed 25 stack frames</pre></div><a href='#' onClick='toggleBox("stack-trace1711154833", this, "Click to show all stack frames", "Click to hide stack frames")'>Click to show all stack frames</a>
<div class='stack-trace' id='stack-trace1711154833'><pre>java.lang.NullPointerException: Cannot invoke &quot;org.apache.poi.ss.usermodel.Sheet.getRow(int)&quot; because &quot;sh&quot; is null
	at GenericUtilities.Excel_Utility.FetchDataFromExcelFile(Excel_Utility.java:23)
	at Organization_ModuleTest.CreateOrgWithIndustryAndTypeTest.createOrgWithPhnNoTest(CreateOrgWithIndustryAndTypeTest.java:36)
	at java.base/jdk.internal.reflect.DirectMethodHandleAccessor.invoke(DirectMethodHandleAccessor.java:103)
	at java.base/java.lang.reflect.Method.invoke(Method.java:580)
	at org.testng.internal.invokers.MethodInvocationHelper.invokeMethod(MethodInvocationHelper.java:141)
	at org.testng.internal.invokers.TestInvoker.invokeMethod(TestInvoker.java:686)
	at org.testng.internal.invokers.TestInvoker.retryFailed(TestInvoker.java:269)
	at org.testng.internal.invokers.MethodRunner.runInSequence(MethodRunner.java:76)
	at org.testng.internal.invokers.TestInvoker$MethodInvocationAgent.invoke(TestInvoker.java:992)
	at org.testng.internal.invokers.TestInvoker.invokeTestMethods(TestInvoker.java:203)
	at org.testng.internal.invokers.TestMethodWorker.invokeTestMethods(TestMethodWorker.java:154)
	at org.testng.internal.invokers.TestMethodWorker.run(TestMethodWorker.java:134)
	at java.base/java.util.ArrayList.forEach(ArrayList.java:1597)
	at org.testng.TestRunner.privateRun(TestRunner.java:739)
	at org.testng.TestRunner.run(TestRunner.java:614)
	at org.testng.SuiteRunner.runTest(SuiteRunner.java:421)
	at org.testng.SuiteRunner.runSequentially(SuiteRunner.java:413)
	at org.testng.SuiteRunner.privateRun(SuiteRunner.java:373)
	at org.testng.SuiteRunner.run(SuiteRunner.java:312)
	at org.testng.SuiteRunnerWorker.runSuite(SuiteRunnerWorker.java:52)
	at org.testng.SuiteRunnerWorker.run(SuiteRunnerWorker.java:95)
	at org.testng.TestNG.runSuitesSequentially(TestNG.java:1274)
	at org.testng.TestNG.runSuitesLocally(TestNG.java:1208)
	at org.testng.TestNG.runSuites(TestNG.java:1112)
	at org.testng.TestNG.run(TestNG.java:1079)
	at org.testng.remote.AbstractRemoteTestNG.run(AbstractRemoteTestNG.java:115)
	at org.testng.remote.RemoteTestNG.initAndRun(RemoteTestNG.java:293)
	at org.testng.remote.RemoteTestNG.main(RemoteTestNG.java:91)
</pre></div></td>
<td>0</td>
<td>Organization_ModuleTest.CreateOrgWithIndustryAndTypeTest@7530ad9c</td></tr>
</table><p>
<table width='100%' border='1' class='invocation-passed'>
<tr><td colspan='4' align='center'><b>PASSED TESTS</b></td></tr>
<tr><td><b>Test method</b></td>
<td><b>Attribute(s)</b></td>
<td width="30%"><b>Exception</b></td>
<td width="10%"><b>Time (seconds)</b></td>
<td><b>Instance</b></td>
</tr>
<tr>
<td title='Contact_Module.CreateContactTest.CreateContact_Test()'><b>CreateContact_Test</b><br>Test class: Contact_Module.CreateContactTest<br/>
<a href="#Output-325897214" onClick='toggleBox("Output-325897214", this, "Show output", "Hide output");'>Show output</a>

<a href="#Output-325897214" onClick="toggleAllBoxes();">Show all outputs</a>
<div class='log' id="Output-325897214">
CreateContact_Test----started--<br/>
CreateContact_Test--succes--<br/>
</div>
</td>
<td></td>
<td>14</td>
<td>Contact_Module.CreateContactTest@33c911a1</td></tr>
</table><p>
<table width='100%' border='1' class='invocation-skipped'>
<tr><td colspan='4' align='center'><b>SKIPPED TESTS</b></td></tr>
<tr><td><b>Test method</b></td>
<td><b>Attribute(s)</b></td>
<td width="30%"><b>Exception</b></td>
<td width="10%"><b>Time (seconds)</b></td>
<td><b>Instance</b></td>
</tr>
<tr>
<td title='Organization_ModuleTest.CreateOrgWithIndustryAndTypeTest.createOrgWithPhnNoTest()'><b>createOrgWithPhnNoTest</b><br>Test class: Organization_ModuleTest.CreateOrgWithIndustryAndTypeTest<br/>
<a href="#Output-111888987" onClick='toggleBox("Output-111888987", this, "Show output", "Hide output");'>Show output</a>

<a href="#Output-111888987" onClick="toggleAllBoxes();">Show all outputs</a>
<div class='log' id="Output-111888987">
createOrgWithPhnNoTest----started--<br/>
createOrgWithPhnNoTest--skipped--<br/>
</div>
</td>
<td><div><pre>java.lang.NullPointerException: Cannot invoke &quot;org.apache.poi.ss.usermodel.Sheet.getRow(int)&quot; because &quot;sh&quot; is null
	at GenericUtilities.Excel_Utility.FetchDataFromExcelFile(Excel_Utility.java:23)
	at Organization_ModuleTest.CreateOrgWithIndustryAndTypeTest.createOrgWithPhnNoTest(CreateOrgWithIndustryAndTypeTest.java:36)
	at java.base/java.util.ArrayList.forEach(ArrayList.java:1597)
... Removed 25 stack frames</pre></div><a href='#' onClick='toggleBox("stack-trace111888987", this, "Click to show all stack frames", "Click to hide stack frames")'>Click to show all stack frames</a>
<div class='stack-trace' id='stack-trace111888987'><pre>java.lang.NullPointerException: Cannot invoke &quot;org.apache.poi.ss.usermodel.Sheet.getRow(int)&quot; because &quot;sh&quot; is null
	at GenericUtilities.Excel_Utility.FetchDataFromExcelFile(Excel_Utility.java:23)
	at Organization_ModuleTest.CreateOrgWithIndustryAndTypeTest.createOrgWithPhnNoTest(CreateOrgWithIndustryAndTypeTest.java:36)
	at java.base/jdk.internal.reflect.DirectMethodHandleAccessor.invoke(DirectMethodHandleAccessor.java:103)
	at java.base/java.lang.reflect.Method.invoke(Method.java:580)
	at org.testng.internal.invokers.MethodInvocationHelper.invokeMethod(MethodInvocationHelper.java:141)
	at org.testng.internal.invokers.TestInvoker.invokeMethod(TestInvoker.java:686)
	at org.testng.internal.invokers.TestInvoker.invokeTestMethod(TestInvoker.java:230)
	at org.testng.internal.invokers.MethodRunner.runInSequence(MethodRunner.java:63)
	at org.testng.internal.invokers.TestInvoker$MethodInvocationAgent.invoke(TestInvoker.java:992)
	at org.testng.internal.invokers.TestInvoker.invokeTestMethods(TestInvoker.java:203)
	at org.testng.internal.invokers.TestMethodWorker.invokeTestMethods(TestMethodWorker.java:154)
	at org.testng.internal.invokers.TestMethodWorker.run(TestMethodWorker.java:134)
	at java.base/java.util.ArrayList.forEach(ArrayList.java:1597)
	at org.testng.TestRunner.privateRun(TestRunner.java:739)
	at org.testng.TestRunner.run(TestRunner.java:614)
	at org.testng.SuiteRunner.runTest(SuiteRunner.java:421)
	at org.testng.SuiteRunner.runSequentially(SuiteRunner.java:413)
	at org.testng.SuiteRunner.privateRun(SuiteRunner.java:373)
	at org.testng.SuiteRunner.run(SuiteRunner.java:312)
	at org.testng.SuiteRunnerWorker.runSuite(SuiteRunnerWorker.java:52)
	at org.testng.SuiteRunnerWorker.run(SuiteRunnerWorker.java:95)
	at org.testng.TestNG.runSuitesSequentially(TestNG.java:1274)
	at org.testng.TestNG.runSuitesLocally(TestNG.java:1208)
	at org.testng.TestNG.runSuites(TestNG.java:1112)
	at org.testng.TestNG.run(TestNG.java:1079)
	at org.testng.remote.AbstractRemoteTestNG.run(AbstractRemoteTestNG.java:115)
	at org.testng.remote.RemoteTestNG.initAndRun(RemoteTestNG.java:293)
	at org.testng.remote.RemoteTestNG.main(RemoteTestNG.java:91)
</pre></div></td>
<td>2</td>
<td>Organization_ModuleTest.CreateOrgWithIndustryAndTypeTest@7530ad9c</td></tr>
<tr>
<td title='Organization_ModuleTest.CreateOrgWithIndustryAndTypeTest.createOrgWithPhnNoTest()'><b>createOrgWithPhnNoTest</b><br>Test class: Organization_ModuleTest.CreateOrgWithIndustryAndTypeTest<br/>
<a href="#Output-418731780" onClick='toggleBox("Output-418731780", this, "Show output", "Hide output");'>Show output</a>

<a href="#Output-418731780" onClick="toggleAllBoxes();">Show all outputs</a>
<div class='log' id="Output-418731780">
createOrgWithPhnNoTest----started--<br/>
createOrgWithPhnNoTest--skipped--<br/>
</div>
</td>
<td><div><pre>java.lang.NullPointerException: Cannot invoke &quot;org.apache.poi.ss.usermodel.Sheet.getRow(int)&quot; because &quot;sh&quot; is null
	at GenericUtilities.Excel_Utility.FetchDataFromExcelFile(Excel_Utility.java:23)
	at Organization_ModuleTest.CreateOrgWithIndustryAndTypeTest.createOrgWithPhnNoTest(CreateOrgWithIndustryAndTypeTest.java:36)
	at java.base/java.util.ArrayList.forEach(ArrayList.java:1597)
... Removed 25 stack frames</pre></div><a href='#' onClick='toggleBox("stack-trace418731780", this, "Click to show all stack frames", "Click to hide stack frames")'>Click to show all stack frames</a>
<div class='stack-trace' id='stack-trace418731780'><pre>java.lang.NullPointerException: Cannot invoke &quot;org.apache.poi.ss.usermodel.Sheet.getRow(int)&quot; because &quot;sh&quot; is null
	at GenericUtilities.Excel_Utility.FetchDataFromExcelFile(Excel_Utility.java:23)
	at Organization_ModuleTest.CreateOrgWithIndustryAndTypeTest.createOrgWithPhnNoTest(CreateOrgWithIndustryAndTypeTest.java:36)
	at java.base/jdk.internal.reflect.DirectMethodHandleAccessor.invoke(DirectMethodHandleAccessor.java:103)
	at java.base/java.lang.reflect.Method.invoke(Method.java:580)
	at org.testng.internal.invokers.MethodInvocationHelper.invokeMethod(MethodInvocationHelper.java:141)
	at org.testng.internal.invokers.TestInvoker.invokeMethod(TestInvoker.java:686)
	at org.testng.internal.invokers.TestInvoker.retryFailed(TestInvoker.java:269)
	at org.testng.internal.invokers.MethodRunner.runInSequence(MethodRunner.java:76)
	at org.testng.internal.invokers.TestInvoker$MethodInvocationAgent.invoke(TestInvoker.java:992)
	at org.testng.internal.invokers.TestInvoker.invokeTestMethods(TestInvoker.java:203)
	at org.testng.internal.invokers.TestMethodWorker.invokeTestMethods(TestMethodWorker.java:154)
	at org.testng.internal.invokers.TestMethodWorker.run(TestMethodWorker.java:134)
	at java.base/java.util.ArrayList.forEach(ArrayList.java:1597)
	at org.testng.TestRunner.privateRun(TestRunner.java:739)
	at org.testng.TestRunner.run(TestRunner.java:614)
	at org.testng.SuiteRunner.runTest(SuiteRunner.java:421)
	at org.testng.SuiteRunner.runSequentially(SuiteRunner.java:413)
	at org.testng.SuiteRunner.privateRun(SuiteRunner.java:373)
	at org.testng.SuiteRunner.run(SuiteRunner.java:312)
	at org.testng.SuiteRunnerWorker.runSuite(SuiteRunnerWorker.java:52)
	at org.testng.SuiteRunnerWorker.run(SuiteRunnerWorker.java:95)
	at org.testng.TestNG.runSuitesSequentially(TestNG.java:1274)
	at org.testng.TestNG.runSuitesLocally(TestNG.java:1208)
	at org.testng.TestNG.runSuites(TestNG.java:1112)
	at org.testng.TestNG.run(TestNG.java:1079)
	at org.testng.remote.AbstractRemoteTestNG.run(AbstractRemoteTestNG.java:115)
	at org.testng.remote.RemoteTestNG.initAndRun(RemoteTestNG.java:293)
	at org.testng.remote.RemoteTestNG.main(RemoteTestNG.java:91)
</pre></div></td>
<td>0</td>
<td>Organization_ModuleTest.CreateOrgWithIndustryAndTypeTest@7530ad9c</td></tr>
<tr>
<td title='Organization_ModuleTest.CreateOrgWithIndustryAndTypeTest.createOrgWithPhnNoTest()'><b>createOrgWithPhnNoTest</b><br>Test class: Organization_ModuleTest.CreateOrgWithIndustryAndTypeTest<br/>
<a href="#Output-2107088180" onClick='toggleBox("Output-2107088180", this, "Show output", "Hide output");'>Show output</a>

<a href="#Output-2107088180" onClick="toggleAllBoxes();">Show all outputs</a>
<div class='log' id="Output-2107088180">
createOrgWithPhnNoTest----started--<br/>
createOrgWithPhnNoTest--skipped--<br/>
</div>
</td>
<td><div><pre>java.lang.NullPointerException: Cannot invoke &quot;org.apache.poi.ss.usermodel.Sheet.getRow(int)&quot; because &quot;sh&quot; is null
	at GenericUtilities.Excel_Utility.FetchDataFromExcelFile(Excel_Utility.java:23)
	at Organization_ModuleTest.CreateOrgWithIndustryAndTypeTest.createOrgWithPhnNoTest(CreateOrgWithIndustryAndTypeTest.java:36)
	at java.base/java.util.ArrayList.forEach(ArrayList.java:1597)
... Removed 25 stack frames</pre></div><a href='#' onClick='toggleBox("stack-trace2107088180", this, "Click to show all stack frames", "Click to hide stack frames")'>Click to show all stack frames</a>
<div class='stack-trace' id='stack-trace2107088180'><pre>java.lang.NullPointerException: Cannot invoke &quot;org.apache.poi.ss.usermodel.Sheet.getRow(int)&quot; because &quot;sh&quot; is null
	at GenericUtilities.Excel_Utility.FetchDataFromExcelFile(Excel_Utility.java:23)
	at Organization_ModuleTest.CreateOrgWithIndustryAndTypeTest.createOrgWithPhnNoTest(CreateOrgWithIndustryAndTypeTest.java:36)
	at java.base/jdk.internal.reflect.DirectMethodHandleAccessor.invoke(DirectMethodHandleAccessor.java:103)
	at java.base/java.lang.reflect.Method.invoke(Method.java:580)
	at org.testng.internal.invokers.MethodInvocationHelper.invokeMethod(MethodInvocationHelper.java:141)
	at org.testng.internal.invokers.TestInvoker.invokeMethod(TestInvoker.java:686)
	at org.testng.internal.invokers.TestInvoker.retryFailed(TestInvoker.java:269)
	at org.testng.internal.invokers.MethodRunner.runInSequence(MethodRunner.java:76)
	at org.testng.internal.invokers.TestInvoker$MethodInvocationAgent.invoke(TestInvoker.java:992)
	at org.testng.internal.invokers.TestInvoker.invokeTestMethods(TestInvoker.java:203)
	at org.testng.internal.invokers.TestMethodWorker.invokeTestMethods(TestMethodWorker.java:154)
	at org.testng.internal.invokers.TestMethodWorker.run(TestMethodWorker.java:134)
	at java.base/java.util.ArrayList.forEach(ArrayList.java:1597)
	at org.testng.TestRunner.privateRun(TestRunner.java:739)
	at org.testng.TestRunner.run(TestRunner.java:614)
	at org.testng.SuiteRunner.runTest(SuiteRunner.java:421)
	at org.testng.SuiteRunner.runSequentially(SuiteRunner.java:413)
	at org.testng.SuiteRunner.privateRun(SuiteRunner.java:373)
	at org.testng.SuiteRunner.run(SuiteRunner.java:312)
	at org.testng.SuiteRunnerWorker.runSuite(SuiteRunnerWorker.java:52)
	at org.testng.SuiteRunnerWorker.run(SuiteRunnerWorker.java:95)
	at org.testng.TestNG.runSuitesSequentially(TestNG.java:1274)
	at org.testng.TestNG.runSuitesLocally(TestNG.java:1208)
	at org.testng.TestNG.runSuites(TestNG.java:1112)
	at org.testng.TestNG.run(TestNG.java:1079)
	at org.testng.remote.AbstractRemoteTestNG.run(AbstractRemoteTestNG.java:115)
	at org.testng.remote.RemoteTestNG.initAndRun(RemoteTestNG.java:293)
	at org.testng.remote.RemoteTestNG.main(RemoteTestNG.java:91)
</pre></div></td>
<td>0</td>
<td>Organization_ModuleTest.CreateOrgWithIndustryAndTypeTest@7530ad9c</td></tr>
<tr>
<td title='Organization_ModuleTest.CreateOrgWithIndustryAndTypeTest.createOrgWithPhnNoTest()'><b>createOrgWithPhnNoTest</b><br>Test class: Organization_ModuleTest.CreateOrgWithIndustryAndTypeTest<br/>
<a href="#Output-324701295" onClick='toggleBox("Output-324701295", this, "Show output", "Hide output");'>Show output</a>

<a href="#Output-324701295" onClick="toggleAllBoxes();">Show all outputs</a>
<div class='log' id="Output-324701295">
createOrgWithPhnNoTest----started--<br/>
createOrgWithPhnNoTest--skipped--<br/>
</div>
</td>
<td><div><pre>java.lang.NullPointerException: Cannot invoke &quot;org.apache.poi.ss.usermodel.Sheet.getRow(int)&quot; because &quot;sh&quot; is null
	at GenericUtilities.Excel_Utility.FetchDataFromExcelFile(Excel_Utility.java:23)
	at Organization_ModuleTest.CreateOrgWithIndustryAndTypeTest.createOrgWithPhnNoTest(CreateOrgWithIndustryAndTypeTest.java:36)
	at java.base/java.util.ArrayList.forEach(ArrayList.java:1597)
... Removed 25 stack frames</pre></div><a href='#' onClick='toggleBox("stack-trace324701295", this, "Click to show all stack frames", "Click to hide stack frames")'>Click to show all stack frames</a>
<div class='stack-trace' id='stack-trace324701295'><pre>java.lang.NullPointerException: Cannot invoke &quot;org.apache.poi.ss.usermodel.Sheet.getRow(int)&quot; because &quot;sh&quot; is null
	at GenericUtilities.Excel_Utility.FetchDataFromExcelFile(Excel_Utility.java:23)
	at Organization_ModuleTest.CreateOrgWithIndustryAndTypeTest.createOrgWithPhnNoTest(CreateOrgWithIndustryAndTypeTest.java:36)
	at java.base/jdk.internal.reflect.DirectMethodHandleAccessor.invoke(DirectMethodHandleAccessor.java:103)
	at java.base/java.lang.reflect.Method.invoke(Method.java:580)
	at org.testng.internal.invokers.MethodInvocationHelper.invokeMethod(MethodInvocationHelper.java:141)
	at org.testng.internal.invokers.TestInvoker.invokeMethod(TestInvoker.java:686)
	at org.testng.internal.invokers.TestInvoker.retryFailed(TestInvoker.java:269)
	at org.testng.internal.invokers.MethodRunner.runInSequence(MethodRunner.java:76)
	at org.testng.internal.invokers.TestInvoker$MethodInvocationAgent.invoke(TestInvoker.java:992)
	at org.testng.internal.invokers.TestInvoker.invokeTestMethods(TestInvoker.java:203)
	at org.testng.internal.invokers.TestMethodWorker.invokeTestMethods(TestMethodWorker.java:154)
	at org.testng.internal.invokers.TestMethodWorker.run(TestMethodWorker.java:134)
	at java.base/java.util.ArrayList.forEach(ArrayList.java:1597)
	at org.testng.TestRunner.privateRun(TestRunner.java:739)
	at org.testng.TestRunner.run(TestRunner.java:614)
	at org.testng.SuiteRunner.runTest(SuiteRunner.java:421)
	at org.testng.SuiteRunner.runSequentially(SuiteRunner.java:413)
	at org.testng.SuiteRunner.privateRun(SuiteRunner.java:373)
	at org.testng.SuiteRunner.run(SuiteRunner.java:312)
	at org.testng.SuiteRunnerWorker.runSuite(SuiteRunnerWorker.java:52)
	at org.testng.SuiteRunnerWorker.run(SuiteRunnerWorker.java:95)
	at org.testng.TestNG.runSuitesSequentially(TestNG.java:1274)
	at org.testng.TestNG.runSuitesLocally(TestNG.java:1208)
	at org.testng.TestNG.runSuites(TestNG.java:1112)
	at org.testng.TestNG.run(TestNG.java:1079)
	at org.testng.remote.AbstractRemoteTestNG.run(AbstractRemoteTestNG.java:115)
	at org.testng.remote.RemoteTestNG.initAndRun(RemoteTestNG.java:293)
	at org.testng.remote.RemoteTestNG.main(RemoteTestNG.java:91)
</pre></div></td>
<td>0</td>
<td>Organization_ModuleTest.CreateOrgWithIndustryAndTypeTest@7530ad9c</td></tr>
<tr>
<td title='Organization_ModuleTest.CreateOrgWithPhoneNumberTest.createOrgWithIndAndType()'><b>createOrgWithIndAndType</b><br>Test class: Organization_ModuleTest.CreateOrgWithPhoneNumberTest<br/>
<a href="#Output-197172567" onClick='toggleBox("Output-197172567", this, "Show output", "Hide output");'>Show output</a>

<a href="#Output-197172567" onClick="toggleAllBoxes();">Show all outputs</a>
<div class='log' id="Output-197172567">
createOrgWithIndAndType----started--<br/>
createOrgWithIndAndType--skipped--<br/>
</div>
</td>
<td><div><pre>java.lang.NullPointerException: Cannot invoke &quot;org.apache.poi.ss.usermodel.Sheet.getRow(int)&quot; because &quot;sh&quot; is null
	at GenericUtilities.Excel_Utility.FetchDataFromExcelFile(Excel_Utility.java:23)
	at Organization_ModuleTest.CreateOrgWithPhoneNumberTest.createOrgWithIndAndType(CreateOrgWithPhoneNumberTest.java:35)
	at java.base/java.util.ArrayList.forEach(ArrayList.java:1597)
... Removed 25 stack frames</pre></div><a href='#' onClick='toggleBox("stack-trace197172567", this, "Click to show all stack frames", "Click to hide stack frames")'>Click to show all stack frames</a>
<div class='stack-trace' id='stack-trace197172567'><pre>java.lang.NullPointerException: Cannot invoke &quot;org.apache.poi.ss.usermodel.Sheet.getRow(int)&quot; because &quot;sh&quot; is null
	at GenericUtilities.Excel_Utility.FetchDataFromExcelFile(Excel_Utility.java:23)
	at Organization_ModuleTest.CreateOrgWithPhoneNumberTest.createOrgWithIndAndType(CreateOrgWithPhoneNumberTest.java:35)
	at java.base/jdk.internal.reflect.DirectMethodHandleAccessor.invoke(DirectMethodHandleAccessor.java:103)
	at java.base/java.lang.reflect.Method.invoke(Method.java:580)
	at org.testng.internal.invokers.MethodInvocationHelper.invokeMethod(MethodInvocationHelper.java:141)
	at org.testng.internal.invokers.TestInvoker.invokeMethod(TestInvoker.java:686)
	at org.testng.internal.invokers.TestInvoker.invokeTestMethod(TestInvoker.java:230)
	at org.testng.internal.invokers.MethodRunner.runInSequence(MethodRunner.java:63)
	at org.testng.internal.invokers.TestInvoker$MethodInvocationAgent.invoke(TestInvoker.java:992)
	at org.testng.internal.invokers.TestInvoker.invokeTestMethods(TestInvoker.java:203)
	at org.testng.internal.invokers.TestMethodWorker.invokeTestMethods(TestMethodWorker.java:154)
	at org.testng.internal.invokers.TestMethodWorker.run(TestMethodWorker.java:134)
	at java.base/java.util.ArrayList.forEach(ArrayList.java:1597)
	at org.testng.TestRunner.privateRun(TestRunner.java:739)
	at org.testng.TestRunner.run(TestRunner.java:614)
	at org.testng.SuiteRunner.runTest(SuiteRunner.java:421)
	at org.testng.SuiteRunner.runSequentially(SuiteRunner.java:413)
	at org.testng.SuiteRunner.privateRun(SuiteRunner.java:373)
	at org.testng.SuiteRunner.run(SuiteRunner.java:312)
	at org.testng.SuiteRunnerWorker.runSuite(SuiteRunnerWorker.java:52)
	at org.testng.SuiteRunnerWorker.run(SuiteRunnerWorker.java:95)
	at org.testng.TestNG.runSuitesSequentially(TestNG.java:1274)
	at org.testng.TestNG.runSuitesLocally(TestNG.java:1208)
	at org.testng.TestNG.runSuites(TestNG.java:1112)
	at org.testng.TestNG.run(TestNG.java:1079)
	at org.testng.remote.AbstractRemoteTestNG.run(AbstractRemoteTestNG.java:115)
	at org.testng.remote.RemoteTestNG.initAndRun(RemoteTestNG.java:293)
	at org.testng.remote.RemoteTestNG.main(RemoteTestNG.java:91)
</pre></div></td>
<td>0</td>
<td>Organization_ModuleTest.CreateOrgWithPhoneNumberTest@707194ba</td></tr>
<tr>
<td title='Organization_ModuleTest.CreateOrgWithPhoneNumberTest.createOrgWithIndAndType()'><b>createOrgWithIndAndType</b><br>Test class: Organization_ModuleTest.CreateOrgWithPhoneNumberTest<br/>
<a href="#Output-1413473944" onClick='toggleBox("Output-1413473944", this, "Show output", "Hide output");'>Show output</a>

<a href="#Output-1413473944" onClick="toggleAllBoxes();">Show all outputs</a>
<div class='log' id="Output-1413473944">
createOrgWithIndAndType----started--<br/>
createOrgWithIndAndType--skipped--<br/>
</div>
</td>
<td><div><pre>java.lang.NullPointerException: Cannot invoke &quot;org.apache.poi.ss.usermodel.Sheet.getRow(int)&quot; because &quot;sh&quot; is null
	at GenericUtilities.Excel_Utility.FetchDataFromExcelFile(Excel_Utility.java:23)
	at Organization_ModuleTest.CreateOrgWithPhoneNumberTest.createOrgWithIndAndType(CreateOrgWithPhoneNumberTest.java:35)
	at java.base/java.util.ArrayList.forEach(ArrayList.java:1597)
... Removed 25 stack frames</pre></div><a href='#' onClick='toggleBox("stack-trace1413473944", this, "Click to show all stack frames", "Click to hide stack frames")'>Click to show all stack frames</a>
<div class='stack-trace' id='stack-trace1413473944'><pre>java.lang.NullPointerException: Cannot invoke &quot;org.apache.poi.ss.usermodel.Sheet.getRow(int)&quot; because &quot;sh&quot; is null
	at GenericUtilities.Excel_Utility.FetchDataFromExcelFile(Excel_Utility.java:23)
	at Organization_ModuleTest.CreateOrgWithPhoneNumberTest.createOrgWithIndAndType(CreateOrgWithPhoneNumberTest.java:35)
	at java.base/jdk.internal.reflect.DirectMethodHandleAccessor.invoke(DirectMethodHandleAccessor.java:103)
	at java.base/java.lang.reflect.Method.invoke(Method.java:580)
	at org.testng.internal.invokers.MethodInvocationHelper.invokeMethod(MethodInvocationHelper.java:141)
	at org.testng.internal.invokers.TestInvoker.invokeMethod(TestInvoker.java:686)
	at org.testng.internal.invokers.TestInvoker.retryFailed(TestInvoker.java:269)
	at org.testng.internal.invokers.MethodRunner.runInSequence(MethodRunner.java:76)
	at org.testng.internal.invokers.TestInvoker$MethodInvocationAgent.invoke(TestInvoker.java:992)
	at org.testng.internal.invokers.TestInvoker.invokeTestMethods(TestInvoker.java:203)
	at org.testng.internal.invokers.TestMethodWorker.invokeTestMethods(TestMethodWorker.java:154)
	at org.testng.internal.invokers.TestMethodWorker.run(TestMethodWorker.java:134)
	at java.base/java.util.ArrayList.forEach(ArrayList.java:1597)
	at org.testng.TestRunner.privateRun(TestRunner.java:739)
	at org.testng.TestRunner.run(TestRunner.java:614)
	at org.testng.SuiteRunner.runTest(SuiteRunner.java:421)
	at org.testng.SuiteRunner.runSequentially(SuiteRunner.java:413)
	at org.testng.SuiteRunner.privateRun(SuiteRunner.java:373)
	at org.testng.SuiteRunner.run(SuiteRunner.java:312)
	at org.testng.SuiteRunnerWorker.runSuite(SuiteRunnerWorker.java:52)
	at org.testng.SuiteRunnerWorker.run(SuiteRunnerWorker.java:95)
	at org.testng.TestNG.runSuitesSequentially(TestNG.java:1274)
	at org.testng.TestNG.runSuitesLocally(TestNG.java:1208)
	at org.testng.TestNG.runSuites(TestNG.java:1112)
	at org.testng.TestNG.run(TestNG.java:1079)
	at org.testng.remote.AbstractRemoteTestNG.run(AbstractRemoteTestNG.java:115)
	at org.testng.remote.RemoteTestNG.initAndRun(RemoteTestNG.java:293)
	at org.testng.remote.RemoteTestNG.main(RemoteTestNG.java:91)
</pre></div></td>
<td>0</td>
<td>Organization_ModuleTest.CreateOrgWithPhoneNumberTest@707194ba</td></tr>
<tr>
<td title='Organization_ModuleTest.CreateOrgWithPhoneNumberTest.createOrgWithIndAndType()'><b>createOrgWithIndAndType</b><br>Test class: Organization_ModuleTest.CreateOrgWithPhoneNumberTest<br/>
<a href="#Output-891327883" onClick='toggleBox("Output-891327883", this, "Show output", "Hide output");'>Show output</a>

<a href="#Output-891327883" onClick="toggleAllBoxes();">Show all outputs</a>
<div class='log' id="Output-891327883">
createOrgWithIndAndType----started--<br/>
createOrgWithIndAndType--skipped--<br/>
</div>
</td>
<td><div><pre>java.lang.NullPointerException: Cannot invoke &quot;org.apache.poi.ss.usermodel.Sheet.getRow(int)&quot; because &quot;sh&quot; is null
	at GenericUtilities.Excel_Utility.FetchDataFromExcelFile(Excel_Utility.java:23)
	at Organization_ModuleTest.CreateOrgWithPhoneNumberTest.createOrgWithIndAndType(CreateOrgWithPhoneNumberTest.java:35)
	at java.base/java.util.ArrayList.forEach(ArrayList.java:1597)
... Removed 25 stack frames</pre></div><a href='#' onClick='toggleBox("stack-trace891327883", this, "Click to show all stack frames", "Click to hide stack frames")'>Click to show all stack frames</a>
<div class='stack-trace' id='stack-trace891327883'><pre>java.lang.NullPointerException: Cannot invoke &quot;org.apache.poi.ss.usermodel.Sheet.getRow(int)&quot; because &quot;sh&quot; is null
	at GenericUtilities.Excel_Utility.FetchDataFromExcelFile(Excel_Utility.java:23)
	at Organization_ModuleTest.CreateOrgWithPhoneNumberTest.createOrgWithIndAndType(CreateOrgWithPhoneNumberTest.java:35)
	at java.base/jdk.internal.reflect.DirectMethodHandleAccessor.invoke(DirectMethodHandleAccessor.java:103)
	at java.base/java.lang.reflect.Method.invoke(Method.java:580)
	at org.testng.internal.invokers.MethodInvocationHelper.invokeMethod(MethodInvocationHelper.java:141)
	at org.testng.internal.invokers.TestInvoker.invokeMethod(TestInvoker.java:686)
	at org.testng.internal.invokers.TestInvoker.retryFailed(TestInvoker.java:269)
	at org.testng.internal.invokers.MethodRunner.runInSequence(MethodRunner.java:76)
	at org.testng.internal.invokers.TestInvoker$MethodInvocationAgent.invoke(TestInvoker.java:992)
	at org.testng.internal.invokers.TestInvoker.invokeTestMethods(TestInvoker.java:203)
	at org.testng.internal.invokers.TestMethodWorker.invokeTestMethods(TestMethodWorker.java:154)
	at org.testng.internal.invokers.TestMethodWorker.run(TestMethodWorker.java:134)
	at java.base/java.util.ArrayList.forEach(ArrayList.java:1597)
	at org.testng.TestRunner.privateRun(TestRunner.java:739)
	at org.testng.TestRunner.run(TestRunner.java:614)
	at org.testng.SuiteRunner.runTest(SuiteRunner.java:421)
	at org.testng.SuiteRunner.runSequentially(SuiteRunner.java:413)
	at org.testng.SuiteRunner.privateRun(SuiteRunner.java:373)
	at org.testng.SuiteRunner.run(SuiteRunner.java:312)
	at org.testng.SuiteRunnerWorker.runSuite(SuiteRunnerWorker.java:52)
	at org.testng.SuiteRunnerWorker.run(SuiteRunnerWorker.java:95)
	at org.testng.TestNG.runSuitesSequentially(TestNG.java:1274)
	at org.testng.TestNG.runSuitesLocally(TestNG.java:1208)
	at org.testng.TestNG.runSuites(TestNG.java:1112)
	at org.testng.TestNG.run(TestNG.java:1079)
	at org.testng.remote.AbstractRemoteTestNG.run(AbstractRemoteTestNG.java:115)
	at org.testng.remote.RemoteTestNG.initAndRun(RemoteTestNG.java:293)
	at org.testng.remote.RemoteTestNG.main(RemoteTestNG.java:91)
</pre></div></td>
<td>0</td>
<td>Organization_ModuleTest.CreateOrgWithPhoneNumberTest@707194ba</td></tr>
<tr>
<td title='Organization_ModuleTest.CreateOrgWithIndustryAndTypeTest.createOrgWithPhnNoTest()'><b>createOrgWithPhnNoTest</b><br>Test class: Organization_ModuleTest.CreateOrgWithIndustryAndTypeTest<br/>
<a href="#Output-1506217195" onClick='toggleBox("Output-1506217195", this, "Show output", "Hide output");'>Show output</a>

<a href="#Output-1506217195" onClick="toggleAllBoxes();">Show all outputs</a>
<div class='log' id="Output-1506217195">
createOrgWithPhnNoTest----started--<br/>
createOrgWithPhnNoTest--skipped--<br/>
</div>
</td>
<td><div><pre>java.lang.NullPointerException: Cannot invoke &quot;org.apache.poi.ss.usermodel.Sheet.getRow(int)&quot; because &quot;sh&quot; is null
	at GenericUtilities.Excel_Utility.FetchDataFromExcelFile(Excel_Utility.java:23)
	at Organization_ModuleTest.CreateOrgWithIndustryAndTypeTest.createOrgWithPhnNoTest(CreateOrgWithIndustryAndTypeTest.java:36)
	at java.base/java.util.ArrayList.forEach(ArrayList.java:1597)
... Removed 25 stack frames</pre></div><a href='#' onClick='toggleBox("stack-trace1506217195", this, "Click to show all stack frames", "Click to hide stack frames")'>Click to show all stack frames</a>
<div class='stack-trace' id='stack-trace1506217195'><pre>java.lang.NullPointerException: Cannot invoke &quot;org.apache.poi.ss.usermodel.Sheet.getRow(int)&quot; because &quot;sh&quot; is null
	at GenericUtilities.Excel_Utility.FetchDataFromExcelFile(Excel_Utility.java:23)
	at Organization_ModuleTest.CreateOrgWithIndustryAndTypeTest.createOrgWithPhnNoTest(CreateOrgWithIndustryAndTypeTest.java:36)
	at java.base/jdk.internal.reflect.DirectMethodHandleAccessor.invoke(DirectMethodHandleAccessor.java:103)
	at java.base/java.lang.reflect.Method.invoke(Method.java:580)
	at org.testng.internal.invokers.MethodInvocationHelper.invokeMethod(MethodInvocationHelper.java:141)
	at org.testng.internal.invokers.TestInvoker.invokeMethod(TestInvoker.java:686)
	at org.testng.internal.invokers.TestInvoker.retryFailed(TestInvoker.java:269)
	at org.testng.internal.invokers.MethodRunner.runInSequence(MethodRunner.java:76)
	at org.testng.internal.invokers.TestInvoker$MethodInvocationAgent.invoke(TestInvoker.java:992)
	at org.testng.internal.invokers.TestInvoker.invokeTestMethods(TestInvoker.java:203)
	at org.testng.internal.invokers.TestMethodWorker.invokeTestMethods(TestMethodWorker.java:154)
	at org.testng.internal.invokers.TestMethodWorker.run(TestMethodWorker.java:134)
	at java.base/java.util.ArrayList.forEach(ArrayList.java:1597)
	at org.testng.TestRunner.privateRun(TestRunner.java:739)
	at org.testng.TestRunner.run(TestRunner.java:614)
	at org.testng.SuiteRunner.runTest(SuiteRunner.java:421)
	at org.testng.SuiteRunner.runSequentially(SuiteRunner.java:413)
	at org.testng.SuiteRunner.privateRun(SuiteRunner.java:373)
	at org.testng.SuiteRunner.run(SuiteRunner.java:312)
	at org.testng.SuiteRunnerWorker.runSuite(SuiteRunnerWorker.java:52)
	at org.testng.SuiteRunnerWorker.run(SuiteRunnerWorker.java:95)
	at org.testng.TestNG.runSuitesSequentially(TestNG.java:1274)
	at org.testng.TestNG.runSuitesLocally(TestNG.java:1208)
	at org.testng.TestNG.runSuites(TestNG.java:1112)
	at org.testng.TestNG.run(TestNG.java:1079)
	at org.testng.remote.AbstractRemoteTestNG.run(AbstractRemoteTestNG.java:115)
	at org.testng.remote.RemoteTestNG.initAndRun(RemoteTestNG.java:293)
	at org.testng.remote.RemoteTestNG.main(RemoteTestNG.java:91)
</pre></div></td>
<td>0</td>
<td>Organization_ModuleTest.CreateOrgWithIndustryAndTypeTest@7530ad9c</td></tr>
<tr>
<td title='Organization_ModuleTest.CreateOrgWithPhoneNumberTest.createOrgWithIndAndType()'><b>createOrgWithIndAndType</b><br>Test class: Organization_ModuleTest.CreateOrgWithPhoneNumberTest<br/>
<a href="#Output-1262573693" onClick='toggleBox("Output-1262573693", this, "Show output", "Hide output");'>Show output</a>

<a href="#Output-1262573693" onClick="toggleAllBoxes();">Show all outputs</a>
<div class='log' id="Output-1262573693">
createOrgWithIndAndType----started--<br/>
createOrgWithIndAndType--skipped--<br/>
</div>
</td>
<td><div><pre>java.lang.NullPointerException: Cannot invoke &quot;org.apache.poi.ss.usermodel.Sheet.getRow(int)&quot; because &quot;sh&quot; is null
	at GenericUtilities.Excel_Utility.FetchDataFromExcelFile(Excel_Utility.java:23)
	at Organization_ModuleTest.CreateOrgWithPhoneNumberTest.createOrgWithIndAndType(CreateOrgWithPhoneNumberTest.java:35)
	at java.base/java.util.ArrayList.forEach(ArrayList.java:1597)
... Removed 25 stack frames</pre></div><a href='#' onClick='toggleBox("stack-trace1262573693", this, "Click to show all stack frames", "Click to hide stack frames")'>Click to show all stack frames</a>
<div class='stack-trace' id='stack-trace1262573693'><pre>java.lang.NullPointerException: Cannot invoke &quot;org.apache.poi.ss.usermodel.Sheet.getRow(int)&quot; because &quot;sh&quot; is null
	at GenericUtilities.Excel_Utility.FetchDataFromExcelFile(Excel_Utility.java:23)
	at Organization_ModuleTest.CreateOrgWithPhoneNumberTest.createOrgWithIndAndType(CreateOrgWithPhoneNumberTest.java:35)
	at java.base/jdk.internal.reflect.DirectMethodHandleAccessor.invoke(DirectMethodHandleAccessor.java:103)
	at java.base/java.lang.reflect.Method.invoke(Method.java:580)
	at org.testng.internal.invokers.MethodInvocationHelper.invokeMethod(MethodInvocationHelper.java:141)
	at org.testng.internal.invokers.TestInvoker.invokeMethod(TestInvoker.java:686)
	at org.testng.internal.invokers.TestInvoker.retryFailed(TestInvoker.java:269)
	at org.testng.internal.invokers.MethodRunner.runInSequence(MethodRunner.java:76)
	at org.testng.internal.invokers.TestInvoker$MethodInvocationAgent.invoke(TestInvoker.java:992)
	at org.testng.internal.invokers.TestInvoker.invokeTestMethods(TestInvoker.java:203)
	at org.testng.internal.invokers.TestMethodWorker.invokeTestMethods(TestMethodWorker.java:154)
	at org.testng.internal.invokers.TestMethodWorker.run(TestMethodWorker.java:134)
	at java.base/java.util.ArrayList.forEach(ArrayList.java:1597)
	at org.testng.TestRunner.privateRun(TestRunner.java:739)
	at org.testng.TestRunner.run(TestRunner.java:614)
	at org.testng.SuiteRunner.runTest(SuiteRunner.java:421)
	at org.testng.SuiteRunner.runSequentially(SuiteRunner.java:413)
	at org.testng.SuiteRunner.privateRun(SuiteRunner.java:373)
	at org.testng.SuiteRunner.run(SuiteRunner.java:312)
	at org.testng.SuiteRunnerWorker.runSuite(SuiteRunnerWorker.java:52)
	at org.testng.SuiteRunnerWorker.run(SuiteRunnerWorker.java:95)
	at org.testng.TestNG.runSuitesSequentially(TestNG.java:1274)
	at org.testng.TestNG.runSuitesLocally(TestNG.java:1208)
	at org.testng.TestNG.runSuites(TestNG.java:1112)
	at org.testng.TestNG.run(TestNG.java:1079)
	at org.testng.remote.AbstractRemoteTestNG.run(AbstractRemoteTestNG.java:115)
	at org.testng.remote.RemoteTestNG.initAndRun(RemoteTestNG.java:293)
	at org.testng.remote.RemoteTestNG.main(RemoteTestNG.java:91)
</pre></div></td>
<td>0</td>
<td>Organization_ModuleTest.CreateOrgWithPhoneNumberTest@707194ba</td></tr>
<tr>
<td title='Organization_ModuleTest.CreateOrgWithPhoneNumberTest.createOrgWithIndAndType()'><b>createOrgWithIndAndType</b><br>Test class: Organization_ModuleTest.CreateOrgWithPhoneNumberTest<br/>
<a href="#Output-1617983326" onClick='toggleBox("Output-1617983326", this, "Show output", "Hide output");'>Show output</a>

<a href="#Output-1617983326" onClick="toggleAllBoxes();">Show all outputs</a>
<div class='log' id="Output-1617983326">
createOrgWithIndAndType----started--<br/>
createOrgWithIndAndType--skipped--<br/>
</div>
</td>
<td><div><pre>java.lang.NullPointerException: Cannot invoke &quot;org.apache.poi.ss.usermodel.Sheet.getRow(int)&quot; because &quot;sh&quot; is null
	at GenericUtilities.Excel_Utility.FetchDataFromExcelFile(Excel_Utility.java:23)
	at Organization_ModuleTest.CreateOrgWithPhoneNumberTest.createOrgWithIndAndType(CreateOrgWithPhoneNumberTest.java:35)
	at java.base/java.util.ArrayList.forEach(ArrayList.java:1597)
... Removed 25 stack frames</pre></div><a href='#' onClick='toggleBox("stack-trace1617983326", this, "Click to show all stack frames", "Click to hide stack frames")'>Click to show all stack frames</a>
<div class='stack-trace' id='stack-trace1617983326'><pre>java.lang.NullPointerException: Cannot invoke &quot;org.apache.poi.ss.usermodel.Sheet.getRow(int)&quot; because &quot;sh&quot; is null
	at GenericUtilities.Excel_Utility.FetchDataFromExcelFile(Excel_Utility.java:23)
	at Organization_ModuleTest.CreateOrgWithPhoneNumberTest.createOrgWithIndAndType(CreateOrgWithPhoneNumberTest.java:35)
	at java.base/jdk.internal.reflect.DirectMethodHandleAccessor.invoke(DirectMethodHandleAccessor.java:103)
	at java.base/java.lang.reflect.Method.invoke(Method.java:580)
	at org.testng.internal.invokers.MethodInvocationHelper.invokeMethod(MethodInvocationHelper.java:141)
	at org.testng.internal.invokers.TestInvoker.invokeMethod(TestInvoker.java:686)
	at org.testng.internal.invokers.TestInvoker.retryFailed(TestInvoker.java:269)
	at org.testng.internal.invokers.MethodRunner.runInSequence(MethodRunner.java:76)
	at org.testng.internal.invokers.TestInvoker$MethodInvocationAgent.invoke(TestInvoker.java:992)
	at org.testng.internal.invokers.TestInvoker.invokeTestMethods(TestInvoker.java:203)
	at org.testng.internal.invokers.TestMethodWorker.invokeTestMethods(TestMethodWorker.java:154)
	at org.testng.internal.invokers.TestMethodWorker.run(TestMethodWorker.java:134)
	at java.base/java.util.ArrayList.forEach(ArrayList.java:1597)
	at org.testng.TestRunner.privateRun(TestRunner.java:739)
	at org.testng.TestRunner.run(TestRunner.java:614)
	at org.testng.SuiteRunner.runTest(SuiteRunner.java:421)
	at org.testng.SuiteRunner.runSequentially(SuiteRunner.java:413)
	at org.testng.SuiteRunner.privateRun(SuiteRunner.java:373)
	at org.testng.SuiteRunner.run(SuiteRunner.java:312)
	at org.testng.SuiteRunnerWorker.runSuite(SuiteRunnerWorker.java:52)
	at org.testng.SuiteRunnerWorker.run(SuiteRunnerWorker.java:95)
	at org.testng.TestNG.runSuitesSequentially(TestNG.java:1274)
	at org.testng.TestNG.runSuitesLocally(TestNG.java:1208)
	at org.testng.TestNG.runSuites(TestNG.java:1112)
	at org.testng.TestNG.run(TestNG.java:1079)
	at org.testng.remote.AbstractRemoteTestNG.run(AbstractRemoteTestNG.java:115)
	at org.testng.remote.RemoteTestNG.initAndRun(RemoteTestNG.java:293)
	at org.testng.remote.RemoteTestNG.main(RemoteTestNG.java:91)
</pre></div></td>
<td>0</td>
<td>Organization_ModuleTest.CreateOrgWithPhoneNumberTest@707194ba</td></tr>
</table><p>
</body>
</html>