<?xml version="1.0" encoding="UTF-8"?>
<testng-results retried="5" ignored="5" total="11" passed="0" failed="1" skipped="0">
  <reporter-output>
    <line>
      <![CDATA[Report configuration]]>
    </line>
    <line>
      <![CDATA[Configure the DB:Connect]]>
    </line>
    <line>
      <![CDATA[BT:Parallel Exe]]>
    </line>
    <line>
      <![CDATA[Launch the browser]]>
    </line>
    <line>
      <![CDATA[Login to the appln]]>
    </line>
    <line>
      <![CDATA[createOrgWithIndAndType----started--]]>
    </line>
    <line>
      <![CDATA[createOrgWithIndAndType--skipped--]]>
    </line>
    <line>
      <![CDATA[Logout of the appln]]>
    </line>
    <line>
      <![CDATA[Login to the appln]]>
    </line>
    <line>
      <![CDATA[createOrgWithIndAndType----started--]]>
    </line>
    <line>
      <![CDATA[createOrgWithIndAndType--skipped--]]>
    </line>
    <line>
      <![CDATA[Logout of the appln]]>
    </line>
    <line>
      <![CDATA[Login to the appln]]>
    </line>
    <line>
      <![CDATA[createOrgWithIndAndType----started--]]>
    </line>
    <line>
      <![CDATA[createOrgWithIndAndType--skipped--]]>
    </line>
    <line>
      <![CDATA[Logout of the appln]]>
    </line>
    <line>
      <![CDATA[Login to the appln]]>
    </line>
    <line>
      <![CDATA[createOrgWithIndAndType----started--]]>
    </line>
    <line>
      <![CDATA[createOrgWithIndAndType--skipped--]]>
    </line>
    <line>
      <![CDATA[Logout of the appln]]>
    </line>
    <line>
      <![CDATA[Login to the appln]]>
    </line>
    <line>
      <![CDATA[createOrgWithIndAndType----started--]]>
    </line>
    <line>
      <![CDATA[createOrgWithIndAndType--skipped--]]>
    </line>
    <line>
      <![CDATA[Logout of the appln]]>
    </line>
    <line>
      <![CDATA[Login to the appln]]>
    </line>
    <line>
      <![CDATA[createOrgWithIndAndType----started--]]>
    </line>
    <line>
      <![CDATA[createOrgWithIndAndType--failed--]]>
    </line>
    <line>
      <![CDATA[Logout of the appln]]>
    </line>
    <line>
      <![CDATA[Close the browser]]>
    </line>
    <line>
      <![CDATA[AT:Parallel Exe]]>
    </line>
    <line>
      <![CDATA[Close DB connection]]>
    </line>
  </reporter-output>
  <suite started-at="2025-04-21T15:03:21 IST" name="Default suite" finished-at="2025-04-21T15:05:29 IST" duration-ms="128510">
    <groups>
      <group name="regression">
        <method signature="CreateNewOrgTest.createOrgWithIndAndType()[pri:0, instance:Organization_ModuleTest.CreateNewOrgTest@58a9760d]" name="createOrgWithIndAndType" class="Organization_ModuleTest.CreateNewOrgTest"/>
      </group> <!-- regression -->
    </groups>
    <test started-at="2025-04-21T15:03:21 IST" name="Default test" finished-at="2025-04-21T15:05:29 IST" duration-ms="128510">
      <class name="Organization_ModuleTest.CreateNewOrgTest">
        <test-method is-config="true" signature="beforeSuit()[pri:0, instance:Organization_ModuleTest.CreateNewOrgTest@58a9760d]" started-at="2025-04-21T15:03:20 IST" name="beforeSuit" finished-at="2025-04-21T15:03:21 IST" duration-ms="721" status="PASS">
          <reporter-output>
            <line>
              <![CDATA[Configure the DB:Connect]]>
            </line>
          </reporter-output>
        </test-method> <!-- beforeSuit -->
        <test-method is-config="true" signature="beforeTest()[pri:0, instance:Organization_ModuleTest.CreateNewOrgTest@58a9760d]" started-at="2025-04-21T15:03:21 IST" name="beforeTest" finished-at="2025-04-21T15:03:21 IST" duration-ms="2" status="PASS">
          <reporter-output>
            <line>
              <![CDATA[BT:Parallel Exe]]>
            </line>
          </reporter-output>
        </test-method> <!-- beforeTest -->
        <test-method is-config="true" signature="beforeClass()[pri:0, instance:Organization_ModuleTest.CreateNewOrgTest@58a9760d]" started-at="2025-04-21T15:03:21 IST" name="beforeClass" finished-at="2025-04-21T15:03:23 IST" duration-ms="1995" status="PASS">
          <reporter-output>
            <line>
              <![CDATA[Launch the browser]]>
            </line>
          </reporter-output>
        </test-method> <!-- beforeClass -->
        <test-method is-config="true" signature="beforeMethod()[pri:0, instance:Organization_ModuleTest.CreateNewOrgTest@58a9760d]" started-at="2025-04-21T15:03:23 IST" name="beforeMethod" finished-at="2025-04-21T15:03:26 IST" duration-ms="3550" status="PASS">
          <reporter-output>
            <line>
              <![CDATA[Login to the appln]]>
            </line>
          </reporter-output>
        </test-method> <!-- beforeMethod -->
        <test-method retried="true" signature="createOrgWithIndAndType()[pri:0, instance:Organization_ModuleTest.CreateNewOrgTest@58a9760d]" started-at="2025-04-21T15:03:26 IST" name="createOrgWithIndAndType" finished-at="2025-04-21T15:03:43 IST" duration-ms="16764" status="SKIP">
          <exception class="org.openqa.selenium.NoSuchElementException">
            <message>
              <![CDATA[Cannot locate option with value: Electronics2989
For documentation on this error, please visit: https://www.selenium.dev/documentation/webdriver/troubleshooting/errors#no-such-element-exception
Build info: version: '4.27.0', revision: 'd6e718d134'
System info: os.name: 'Windows 10', os.arch: 'amd64', os.version: '10.0', java.version: '23.0.1'
Driver info: driver.version: unknown]]>
            </message>
            <full-stacktrace>
              <![CDATA[org.openqa.selenium.NoSuchElementException: Cannot locate option with value: Electronics2989
For documentation on this error, please visit: https://www.selenium.dev/documentation/webdriver/troubleshooting/errors#no-such-element-exception
Build info: version: '4.27.0', revision: 'd6e718d134'
System info: os.name: 'Windows 10', os.arch: 'amd64', os.version: '10.0', java.version: '23.0.1'
Driver info: driver.version: unknown
at org.openqa.selenium.support.ui.Select.findOptionsByValue(Select.java:393)
at org.openqa.selenium.support.ui.Select.selectByValue(Select.java:277)
at GenericUtilities.WebDriver_Utility.HandleDropdownUsingValue(WebDriver_Utility.java:60)
at Organization_ModuleTest.CreateNewOrgTest.createOrgWithIndAndType(CreateNewOrgTest.java:173)
at java.base/jdk.internal.reflect.DirectMethodHandleAccessor.invoke(DirectMethodHandleAccessor.java:103)
at java.base/java.lang.reflect.Method.invoke(Method.java:580)
at org.testng.internal.invokers.MethodInvocationHelper.invokeMethod(MethodInvocationHelper.java:141)
at org.testng.internal.invokers.TestInvoker.invokeMethod(TestInvoker.java:686)
at org.testng.internal.invokers.TestInvoker.invokeTestMethod(TestInvoker.java:230)
at org.testng.internal.invokers.MethodRunner.runInSequence(MethodRunner.java:63)
at org.testng.internal.invokers.TestInvoker$MethodInvocationAgent.invoke(TestInvoker.java:992)
at org.testng.internal.invokers.TestInvoker.invokeTestMethods(TestInvoker.java:203)
at org.testng.internal.invokers.TestMethodWorker.invokeTestMethods(TestMethodWorker.java:154)
at org.testng.internal.invokers.TestMethodWorker.run(TestMethodWorker.java:134)
at java.base/java.util.ArrayList.forEach(ArrayList.java:1597)
at org.testng.TestRunner.privateRun(TestRunner.java:739)
at org.testng.TestRunner.run(TestRunner.java:614)
at org.testng.SuiteRunner.runTest(SuiteRunner.java:421)
at org.testng.SuiteRunner.runSequentially(SuiteRunner.java:413)
at org.testng.SuiteRunner.privateRun(SuiteRunner.java:373)
at org.testng.SuiteRunner.run(SuiteRunner.java:312)
at org.testng.SuiteRunnerWorker.runSuite(SuiteRunnerWorker.java:52)
at org.testng.SuiteRunnerWorker.run(SuiteRunnerWorker.java:95)
at org.testng.TestNG.runSuitesSequentially(TestNG.java:1274)
at org.testng.TestNG.runSuitesLocally(TestNG.java:1208)
at org.testng.TestNG.runSuites(TestNG.java:1112)
at org.testng.TestNG.run(TestNG.java:1079)
at org.testng.remote.AbstractRemoteTestNG.run(AbstractRemoteTestNG.java:115)
at org.testng.remote.RemoteTestNG.initAndRun(RemoteTestNG.java:293)
at org.testng.remote.RemoteTestNG.main(RemoteTestNG.java:91)
]]>
            </full-stacktrace>
          </exception> <!-- org.openqa.selenium.NoSuchElementException -->
          <reporter-output>
            <line>
              <![CDATA[createOrgWithIndAndType----started--]]>
            </line>
            <line>
              <![CDATA[createOrgWithIndAndType--skipped--]]>
            </line>
          </reporter-output>
        </test-method> <!-- createOrgWithIndAndType -->
        <test-method is-config="true" signature="afterMethod()[pri:0, instance:Organization_ModuleTest.CreateNewOrgTest@58a9760d]" started-at="2025-04-21T15:03:43 IST" name="afterMethod" finished-at="2025-04-21T15:03:45 IST" duration-ms="1603" status="PASS">
          <reporter-output>
            <line>
              <![CDATA[Logout of the appln]]>
            </line>
          </reporter-output>
        </test-method> <!-- afterMethod -->
        <test-method is-config="true" signature="beforeMethod()[pri:0, instance:Organization_ModuleTest.CreateNewOrgTest@58a9760d]" started-at="2025-04-21T15:03:45 IST" name="beforeMethod" finished-at="2025-04-21T15:03:47 IST" duration-ms="2698" status="PASS">
          <reporter-output>
            <line>
              <![CDATA[Login to the appln]]>
            </line>
          </reporter-output>
        </test-method> <!-- beforeMethod -->
        <test-method retried="true" signature="createOrgWithIndAndType()[pri:0, instance:Organization_ModuleTest.CreateNewOrgTest@58a9760d]" started-at="2025-04-21T15:03:47 IST" name="createOrgWithIndAndType" finished-at="2025-04-21T15:04:03 IST" duration-ms="15917" status="SKIP">
          <exception class="org.openqa.selenium.NoSuchElementException">
            <message>
              <![CDATA[Cannot locate option with value: Electronics1059
For documentation on this error, please visit: https://www.selenium.dev/documentation/webdriver/troubleshooting/errors#no-such-element-exception
Build info: version: '4.27.0', revision: 'd6e718d134'
System info: os.name: 'Windows 10', os.arch: 'amd64', os.version: '10.0', java.version: '23.0.1'
Driver info: driver.version: unknown]]>
            </message>
            <full-stacktrace>
              <![CDATA[org.openqa.selenium.NoSuchElementException: Cannot locate option with value: Electronics1059
For documentation on this error, please visit: https://www.selenium.dev/documentation/webdriver/troubleshooting/errors#no-such-element-exception
Build info: version: '4.27.0', revision: 'd6e718d134'
System info: os.name: 'Windows 10', os.arch: 'amd64', os.version: '10.0', java.version: '23.0.1'
Driver info: driver.version: unknown
at org.openqa.selenium.support.ui.Select.findOptionsByValue(Select.java:393)
at org.openqa.selenium.support.ui.Select.selectByValue(Select.java:277)
at GenericUtilities.WebDriver_Utility.HandleDropdownUsingValue(WebDriver_Utility.java:60)
at Organization_ModuleTest.CreateNewOrgTest.createOrgWithIndAndType(CreateNewOrgTest.java:173)
at java.base/jdk.internal.reflect.DirectMethodHandleAccessor.invoke(DirectMethodHandleAccessor.java:103)
at java.base/java.lang.reflect.Method.invoke(Method.java:580)
at org.testng.internal.invokers.MethodInvocationHelper.invokeMethod(MethodInvocationHelper.java:141)
at org.testng.internal.invokers.TestInvoker.invokeMethod(TestInvoker.java:686)
at org.testng.internal.invokers.TestInvoker.retryFailed(TestInvoker.java:269)
at org.testng.internal.invokers.MethodRunner.runInSequence(MethodRunner.java:76)
at org.testng.internal.invokers.TestInvoker$MethodInvocationAgent.invoke(TestInvoker.java:992)
at org.testng.internal.invokers.TestInvoker.invokeTestMethods(TestInvoker.java:203)
at org.testng.internal.invokers.TestMethodWorker.invokeTestMethods(TestMethodWorker.java:154)
at org.testng.internal.invokers.TestMethodWorker.run(TestMethodWorker.java:134)
at java.base/java.util.ArrayList.forEach(ArrayList.java:1597)
at org.testng.TestRunner.privateRun(TestRunner.java:739)
at org.testng.TestRunner.run(TestRunner.java:614)
at org.testng.SuiteRunner.runTest(SuiteRunner.java:421)
at org.testng.SuiteRunner.runSequentially(SuiteRunner.java:413)
at org.testng.SuiteRunner.privateRun(SuiteRunner.java:373)
at org.testng.SuiteRunner.run(SuiteRunner.java:312)
at org.testng.SuiteRunnerWorker.runSuite(SuiteRunnerWorker.java:52)
at org.testng.SuiteRunnerWorker.run(SuiteRunnerWorker.java:95)
at org.testng.TestNG.runSuitesSequentially(TestNG.java:1274)
at org.testng.TestNG.runSuitesLocally(TestNG.java:1208)
at org.testng.TestNG.runSuites(TestNG.java:1112)
at org.testng.TestNG.run(TestNG.java:1079)
at org.testng.remote.AbstractRemoteTestNG.run(AbstractRemoteTestNG.java:115)
at org.testng.remote.RemoteTestNG.initAndRun(RemoteTestNG.java:293)
at org.testng.remote.RemoteTestNG.main(RemoteTestNG.java:91)
]]>
            </full-stacktrace>
          </exception> <!-- org.openqa.selenium.NoSuchElementException -->
          <reporter-output>
            <line>
              <![CDATA[createOrgWithIndAndType----started--]]>
            </line>
            <line>
              <![CDATA[createOrgWithIndAndType--skipped--]]>
            </line>
          </reporter-output>
        </test-method> <!-- createOrgWithIndAndType -->
        <test-method is-config="true" signature="afterMethod()[pri:0, instance:Organization_ModuleTest.CreateNewOrgTest@58a9760d]" started-at="2025-04-21T15:04:03 IST" name="afterMethod" finished-at="2025-04-21T15:04:05 IST" duration-ms="1690" status="PASS">
          <reporter-output>
            <line>
              <![CDATA[Logout of the appln]]>
            </line>
          </reporter-output>
        </test-method> <!-- afterMethod -->
        <test-method is-config="true" signature="beforeMethod()[pri:0, instance:Organization_ModuleTest.CreateNewOrgTest@58a9760d]" started-at="2025-04-21T15:04:05 IST" name="beforeMethod" finished-at="2025-04-21T15:04:08 IST" duration-ms="3454" status="PASS">
          <reporter-output>
            <line>
              <![CDATA[Login to the appln]]>
            </line>
          </reporter-output>
        </test-method> <!-- beforeMethod -->
        <test-method retried="true" signature="createOrgWithIndAndType()[pri:0, instance:Organization_ModuleTest.CreateNewOrgTest@58a9760d]" started-at="2025-04-21T15:04:08 IST" name="createOrgWithIndAndType" finished-at="2025-04-21T15:04:25 IST" duration-ms="16705" status="SKIP">
          <exception class="org.openqa.selenium.NoSuchElementException">
            <message>
              <![CDATA[Cannot locate option with value: Electronics3448
For documentation on this error, please visit: https://www.selenium.dev/documentation/webdriver/troubleshooting/errors#no-such-element-exception
Build info: version: '4.27.0', revision: 'd6e718d134'
System info: os.name: 'Windows 10', os.arch: 'amd64', os.version: '10.0', java.version: '23.0.1'
Driver info: driver.version: unknown]]>
            </message>
            <full-stacktrace>
              <![CDATA[org.openqa.selenium.NoSuchElementException: Cannot locate option with value: Electronics3448
For documentation on this error, please visit: https://www.selenium.dev/documentation/webdriver/troubleshooting/errors#no-such-element-exception
Build info: version: '4.27.0', revision: 'd6e718d134'
System info: os.name: 'Windows 10', os.arch: 'amd64', os.version: '10.0', java.version: '23.0.1'
Driver info: driver.version: unknown
at org.openqa.selenium.support.ui.Select.findOptionsByValue(Select.java:393)
at org.openqa.selenium.support.ui.Select.selectByValue(Select.java:277)
at GenericUtilities.WebDriver_Utility.HandleDropdownUsingValue(WebDriver_Utility.java:60)
at Organization_ModuleTest.CreateNewOrgTest.createOrgWithIndAndType(CreateNewOrgTest.java:173)
at java.base/jdk.internal.reflect.DirectMethodHandleAccessor.invoke(DirectMethodHandleAccessor.java:103)
at java.base/java.lang.reflect.Method.invoke(Method.java:580)
at org.testng.internal.invokers.MethodInvocationHelper.invokeMethod(MethodInvocationHelper.java:141)
at org.testng.internal.invokers.TestInvoker.invokeMethod(TestInvoker.java:686)
at org.testng.internal.invokers.TestInvoker.retryFailed(TestInvoker.java:269)
at org.testng.internal.invokers.MethodRunner.runInSequence(MethodRunner.java:76)
at org.testng.internal.invokers.TestInvoker$MethodInvocationAgent.invoke(TestInvoker.java:992)
at org.testng.internal.invokers.TestInvoker.invokeTestMethods(TestInvoker.java:203)
at org.testng.internal.invokers.TestMethodWorker.invokeTestMethods(TestMethodWorker.java:154)
at org.testng.internal.invokers.TestMethodWorker.run(TestMethodWorker.java:134)
at java.base/java.util.ArrayList.forEach(ArrayList.java:1597)
at org.testng.TestRunner.privateRun(TestRunner.java:739)
at org.testng.TestRunner.run(TestRunner.java:614)
at org.testng.SuiteRunner.runTest(SuiteRunner.java:421)
at org.testng.SuiteRunner.runSequentially(SuiteRunner.java:413)
at org.testng.SuiteRunner.privateRun(SuiteRunner.java:373)
at org.testng.SuiteRunner.run(SuiteRunner.java:312)
at org.testng.SuiteRunnerWorker.runSuite(SuiteRunnerWorker.java:52)
at org.testng.SuiteRunnerWorker.run(SuiteRunnerWorker.java:95)
at org.testng.TestNG.runSuitesSequentially(TestNG.java:1274)
at org.testng.TestNG.runSuitesLocally(TestNG.java:1208)
at org.testng.TestNG.runSuites(TestNG.java:1112)
at org.testng.TestNG.run(TestNG.java:1079)
at org.testng.remote.AbstractRemoteTestNG.run(AbstractRemoteTestNG.java:115)
at org.testng.remote.RemoteTestNG.initAndRun(RemoteTestNG.java:293)
at org.testng.remote.RemoteTestNG.main(RemoteTestNG.java:91)
]]>
            </full-stacktrace>
          </exception> <!-- org.openqa.selenium.NoSuchElementException -->
          <reporter-output>
            <line>
              <![CDATA[createOrgWithIndAndType----started--]]>
            </line>
            <line>
              <![CDATA[createOrgWithIndAndType--skipped--]]>
            </line>
          </reporter-output>
        </test-method> <!-- createOrgWithIndAndType -->
        <test-method is-config="true" signature="afterMethod()[pri:0, instance:Organization_ModuleTest.CreateNewOrgTest@58a9760d]" started-at="2025-04-21T15:04:25 IST" name="afterMethod" finished-at="2025-04-21T15:04:27 IST" duration-ms="1587" status="PASS">
          <reporter-output>
            <line>
              <![CDATA[Logout of the appln]]>
            </line>
          </reporter-output>
        </test-method> <!-- afterMethod -->
        <test-method is-config="true" signature="beforeMethod()[pri:0, instance:Organization_ModuleTest.CreateNewOrgTest@58a9760d]" started-at="2025-04-21T15:04:27 IST" name="beforeMethod" finished-at="2025-04-21T15:04:30 IST" duration-ms="3297" status="PASS">
          <reporter-output>
            <line>
              <![CDATA[Login to the appln]]>
            </line>
          </reporter-output>
        </test-method> <!-- beforeMethod -->
        <test-method retried="true" signature="createOrgWithIndAndType()[pri:0, instance:Organization_ModuleTest.CreateNewOrgTest@58a9760d]" started-at="2025-04-21T15:04:30 IST" name="createOrgWithIndAndType" finished-at="2025-04-21T15:04:46 IST" duration-ms="16048" status="SKIP">
          <exception class="org.openqa.selenium.NoSuchElementException">
            <message>
              <![CDATA[Cannot locate option with value: Electronics4381
For documentation on this error, please visit: https://www.selenium.dev/documentation/webdriver/troubleshooting/errors#no-such-element-exception
Build info: version: '4.27.0', revision: 'd6e718d134'
System info: os.name: 'Windows 10', os.arch: 'amd64', os.version: '10.0', java.version: '23.0.1'
Driver info: driver.version: unknown]]>
            </message>
            <full-stacktrace>
              <![CDATA[org.openqa.selenium.NoSuchElementException: Cannot locate option with value: Electronics4381
For documentation on this error, please visit: https://www.selenium.dev/documentation/webdriver/troubleshooting/errors#no-such-element-exception
Build info: version: '4.27.0', revision: 'd6e718d134'
System info: os.name: 'Windows 10', os.arch: 'amd64', os.version: '10.0', java.version: '23.0.1'
Driver info: driver.version: unknown
at org.openqa.selenium.support.ui.Select.findOptionsByValue(Select.java:393)
at org.openqa.selenium.support.ui.Select.selectByValue(Select.java:277)
at GenericUtilities.WebDriver_Utility.HandleDropdownUsingValue(WebDriver_Utility.java:60)
at Organization_ModuleTest.CreateNewOrgTest.createOrgWithIndAndType(CreateNewOrgTest.java:173)
at java.base/jdk.internal.reflect.DirectMethodHandleAccessor.invoke(DirectMethodHandleAccessor.java:103)
at java.base/java.lang.reflect.Method.invoke(Method.java:580)
at org.testng.internal.invokers.MethodInvocationHelper.invokeMethod(MethodInvocationHelper.java:141)
at org.testng.internal.invokers.TestInvoker.invokeMethod(TestInvoker.java:686)
at org.testng.internal.invokers.TestInvoker.retryFailed(TestInvoker.java:269)
at org.testng.internal.invokers.MethodRunner.runInSequence(MethodRunner.java:76)
at org.testng.internal.invokers.TestInvoker$MethodInvocationAgent.invoke(TestInvoker.java:992)
at org.testng.internal.invokers.TestInvoker.invokeTestMethods(TestInvoker.java:203)
at org.testng.internal.invokers.TestMethodWorker.invokeTestMethods(TestMethodWorker.java:154)
at org.testng.internal.invokers.TestMethodWorker.run(TestMethodWorker.java:134)
at java.base/java.util.ArrayList.forEach(ArrayList.java:1597)
at org.testng.TestRunner.privateRun(TestRunner.java:739)
at org.testng.TestRunner.run(TestRunner.java:614)
at org.testng.SuiteRunner.runTest(SuiteRunner.java:421)
at org.testng.SuiteRunner.runSequentially(SuiteRunner.java:413)
at org.testng.SuiteRunner.privateRun(SuiteRunner.java:373)
at org.testng.SuiteRunner.run(SuiteRunner.java:312)
at org.testng.SuiteRunnerWorker.runSuite(SuiteRunnerWorker.java:52)
at org.testng.SuiteRunnerWorker.run(SuiteRunnerWorker.java:95)
at org.testng.TestNG.runSuitesSequentially(TestNG.java:1274)
at org.testng.TestNG.runSuitesLocally(TestNG.java:1208)
at org.testng.TestNG.runSuites(TestNG.java:1112)
at org.testng.TestNG.run(TestNG.java:1079)
at org.testng.remote.AbstractRemoteTestNG.run(AbstractRemoteTestNG.java:115)
at org.testng.remote.RemoteTestNG.initAndRun(RemoteTestNG.java:293)
at org.testng.remote.RemoteTestNG.main(RemoteTestNG.java:91)
]]>
            </full-stacktrace>
          </exception> <!-- org.openqa.selenium.NoSuchElementException -->
          <reporter-output>
            <line>
              <![CDATA[createOrgWithIndAndType----started--]]>
            </line>
            <line>
              <![CDATA[createOrgWithIndAndType--skipped--]]>
            </line>
          </reporter-output>
        </test-method> <!-- createOrgWithIndAndType -->
        <test-method is-config="true" signature="afterMethod()[pri:0, instance:Organization_ModuleTest.CreateNewOrgTest@58a9760d]" started-at="2025-04-21T15:04:46 IST" name="afterMethod" finished-at="2025-04-21T15:04:48 IST" duration-ms="1606" status="PASS">
          <reporter-output>
            <line>
              <![CDATA[Logout of the appln]]>
            </line>
          </reporter-output>
        </test-method> <!-- afterMethod -->
        <test-method is-config="true" signature="beforeMethod()[pri:0, instance:Organization_ModuleTest.CreateNewOrgTest@58a9760d]" started-at="2025-04-21T15:04:48 IST" name="beforeMethod" finished-at="2025-04-21T15:04:48 IST" duration-ms="648" status="PASS">
          <reporter-output>
            <line>
              <![CDATA[Login to the appln]]>
            </line>
          </reporter-output>
        </test-method> <!-- beforeMethod -->
        <test-method retried="true" signature="createOrgWithIndAndType()[pri:0, instance:Organization_ModuleTest.CreateNewOrgTest@58a9760d]" started-at="2025-04-21T15:04:48 IST" name="createOrgWithIndAndType" finished-at="2025-04-21T15:05:07 IST" duration-ms="18345" status="SKIP">
          <exception class="org.openqa.selenium.NoSuchElementException">
            <message>
              <![CDATA[Cannot locate option with value: Electronics3933
For documentation on this error, please visit: https://www.selenium.dev/documentation/webdriver/troubleshooting/errors#no-such-element-exception
Build info: version: '4.27.0', revision: 'd6e718d134'
System info: os.name: 'Windows 10', os.arch: 'amd64', os.version: '10.0', java.version: '23.0.1'
Driver info: driver.version: unknown]]>
            </message>
            <full-stacktrace>
              <![CDATA[org.openqa.selenium.NoSuchElementException: Cannot locate option with value: Electronics3933
For documentation on this error, please visit: https://www.selenium.dev/documentation/webdriver/troubleshooting/errors#no-such-element-exception
Build info: version: '4.27.0', revision: 'd6e718d134'
System info: os.name: 'Windows 10', os.arch: 'amd64', os.version: '10.0', java.version: '23.0.1'
Driver info: driver.version: unknown
at org.openqa.selenium.support.ui.Select.findOptionsByValue(Select.java:393)
at org.openqa.selenium.support.ui.Select.selectByValue(Select.java:277)
at GenericUtilities.WebDriver_Utility.HandleDropdownUsingValue(WebDriver_Utility.java:60)
at Organization_ModuleTest.CreateNewOrgTest.createOrgWithIndAndType(CreateNewOrgTest.java:173)
at java.base/jdk.internal.reflect.DirectMethodHandleAccessor.invoke(DirectMethodHandleAccessor.java:103)
at java.base/java.lang.reflect.Method.invoke(Method.java:580)
at org.testng.internal.invokers.MethodInvocationHelper.invokeMethod(MethodInvocationHelper.java:141)
at org.testng.internal.invokers.TestInvoker.invokeMethod(TestInvoker.java:686)
at org.testng.internal.invokers.TestInvoker.retryFailed(TestInvoker.java:269)
at org.testng.internal.invokers.MethodRunner.runInSequence(MethodRunner.java:76)
at org.testng.internal.invokers.TestInvoker$MethodInvocationAgent.invoke(TestInvoker.java:992)
at org.testng.internal.invokers.TestInvoker.invokeTestMethods(TestInvoker.java:203)
at org.testng.internal.invokers.TestMethodWorker.invokeTestMethods(TestMethodWorker.java:154)
at org.testng.internal.invokers.TestMethodWorker.run(TestMethodWorker.java:134)
at java.base/java.util.ArrayList.forEach(ArrayList.java:1597)
at org.testng.TestRunner.privateRun(TestRunner.java:739)
at org.testng.TestRunner.run(TestRunner.java:614)
at org.testng.SuiteRunner.runTest(SuiteRunner.java:421)
at org.testng.SuiteRunner.runSequentially(SuiteRunner.java:413)
at org.testng.SuiteRunner.privateRun(SuiteRunner.java:373)
at org.testng.SuiteRunner.run(SuiteRunner.java:312)
at org.testng.SuiteRunnerWorker.runSuite(SuiteRunnerWorker.java:52)
at org.testng.SuiteRunnerWorker.run(SuiteRunnerWorker.java:95)
at org.testng.TestNG.runSuitesSequentially(TestNG.java:1274)
at org.testng.TestNG.runSuitesLocally(TestNG.java:1208)
at org.testng.TestNG.runSuites(TestNG.java:1112)
at org.testng.TestNG.run(TestNG.java:1079)
at org.testng.remote.AbstractRemoteTestNG.run(AbstractRemoteTestNG.java:115)
at org.testng.remote.RemoteTestNG.initAndRun(RemoteTestNG.java:293)
at org.testng.remote.RemoteTestNG.main(RemoteTestNG.java:91)
]]>
            </full-stacktrace>
          </exception> <!-- org.openqa.selenium.NoSuchElementException -->
          <reporter-output>
            <line>
              <![CDATA[createOrgWithIndAndType----started--]]>
            </line>
            <line>
              <![CDATA[createOrgWithIndAndType--skipped--]]>
            </line>
          </reporter-output>
        </test-method> <!-- createOrgWithIndAndType -->
        <test-method is-config="true" signature="afterMethod()[pri:0, instance:Organization_ModuleTest.CreateNewOrgTest@58a9760d]" started-at="2025-04-21T15:05:07 IST" name="afterMethod" finished-at="2025-04-21T15:05:08 IST" duration-ms="1587" status="PASS">
          <reporter-output>
            <line>
              <![CDATA[Logout of the appln]]>
            </line>
          </reporter-output>
        </test-method> <!-- afterMethod -->
        <test-method is-config="true" signature="beforeMethod()[pri:0, instance:Organization_ModuleTest.CreateNewOrgTest@58a9760d]" started-at="2025-04-21T15:05:08 IST" name="beforeMethod" finished-at="2025-04-21T15:05:11 IST" duration-ms="2732" status="PASS">
          <reporter-output>
            <line>
              <![CDATA[Login to the appln]]>
            </line>
          </reporter-output>
        </test-method> <!-- beforeMethod -->
        <test-method signature="createOrgWithIndAndType()[pri:0, instance:Organization_ModuleTest.CreateNewOrgTest@58a9760d]" started-at="2025-04-21T15:05:11 IST" name="createOrgWithIndAndType" finished-at="2025-04-21T15:05:27 IST" duration-ms="16166" status="FAIL">
          <exception class="org.openqa.selenium.NoSuchElementException">
            <message>
              <![CDATA[Cannot locate option with value: Electronics4121
For documentation on this error, please visit: https://www.selenium.dev/documentation/webdriver/troubleshooting/errors#no-such-element-exception
Build info: version: '4.27.0', revision: 'd6e718d134'
System info: os.name: 'Windows 10', os.arch: 'amd64', os.version: '10.0', java.version: '23.0.1'
Driver info: driver.version: unknown]]>
            </message>
            <full-stacktrace>
              <![CDATA[org.openqa.selenium.NoSuchElementException: Cannot locate option with value: Electronics4121
For documentation on this error, please visit: https://www.selenium.dev/documentation/webdriver/troubleshooting/errors#no-such-element-exception
Build info: version: '4.27.0', revision: 'd6e718d134'
System info: os.name: 'Windows 10', os.arch: 'amd64', os.version: '10.0', java.version: '23.0.1'
Driver info: driver.version: unknown
at org.openqa.selenium.support.ui.Select.findOptionsByValue(Select.java:393)
at org.openqa.selenium.support.ui.Select.selectByValue(Select.java:277)
at GenericUtilities.WebDriver_Utility.HandleDropdownUsingValue(WebDriver_Utility.java:60)
at Organization_ModuleTest.CreateNewOrgTest.createOrgWithIndAndType(CreateNewOrgTest.java:173)
at java.base/jdk.internal.reflect.DirectMethodHandleAccessor.invoke(DirectMethodHandleAccessor.java:103)
at java.base/java.lang.reflect.Method.invoke(Method.java:580)
at org.testng.internal.invokers.MethodInvocationHelper.invokeMethod(MethodInvocationHelper.java:141)
at org.testng.internal.invokers.TestInvoker.invokeMethod(TestInvoker.java:686)
at org.testng.internal.invokers.TestInvoker.retryFailed(TestInvoker.java:269)
at org.testng.internal.invokers.MethodRunner.runInSequence(MethodRunner.java:76)
at org.testng.internal.invokers.TestInvoker$MethodInvocationAgent.invoke(TestInvoker.java:992)
at org.testng.internal.invokers.TestInvoker.invokeTestMethods(TestInvoker.java:203)
at org.testng.internal.invokers.TestMethodWorker.invokeTestMethods(TestMethodWorker.java:154)
at org.testng.internal.invokers.TestMethodWorker.run(TestMethodWorker.java:134)
at java.base/java.util.ArrayList.forEach(ArrayList.java:1597)
at org.testng.TestRunner.privateRun(TestRunner.java:739)
at org.testng.TestRunner.run(TestRunner.java:614)
at org.testng.SuiteRunner.runTest(SuiteRunner.java:421)
at org.testng.SuiteRunner.runSequentially(SuiteRunner.java:413)
at org.testng.SuiteRunner.privateRun(SuiteRunner.java:373)
at org.testng.SuiteRunner.run(SuiteRunner.java:312)
at org.testng.SuiteRunnerWorker.runSuite(SuiteRunnerWorker.java:52)
at org.testng.SuiteRunnerWorker.run(SuiteRunnerWorker.java:95)
at org.testng.TestNG.runSuitesSequentially(TestNG.java:1274)
at org.testng.TestNG.runSuitesLocally(TestNG.java:1208)
at org.testng.TestNG.runSuites(TestNG.java:1112)
at org.testng.TestNG.run(TestNG.java:1079)
at org.testng.remote.AbstractRemoteTestNG.run(AbstractRemoteTestNG.java:115)
at org.testng.remote.RemoteTestNG.initAndRun(RemoteTestNG.java:293)
at org.testng.remote.RemoteTestNG.main(RemoteTestNG.java:91)
]]>
            </full-stacktrace>
          </exception> <!-- org.openqa.selenium.NoSuchElementException -->
          <reporter-output>
            <line>
              <![CDATA[createOrgWithIndAndType----started--]]>
            </line>
            <line>
              <![CDATA[createOrgWithIndAndType--failed--]]>
            </line>
          </reporter-output>
        </test-method> <!-- createOrgWithIndAndType -->
        <test-method is-config="true" signature="afterMethod()[pri:0, instance:Organization_ModuleTest.CreateNewOrgTest@58a9760d]" started-at="2025-04-21T15:05:27 IST" name="afterMethod" finished-at="2025-04-21T15:05:29 IST" duration-ms="1605" status="PASS">
          <reporter-output>
            <line>
              <![CDATA[Logout of the appln]]>
            </line>
          </reporter-output>
        </test-method> <!-- afterMethod -->
        <test-method is-config="true" signature="afterClass()[pri:0, instance:Organization_ModuleTest.CreateNewOrgTest@58a9760d]" started-at="2025-04-21T15:05:29 IST" name="afterClass" finished-at="2025-04-21T15:05:29 IST" duration-ms="260" status="PASS">
          <reporter-output>
            <line>
              <![CDATA[Close the browser]]>
            </line>
          </reporter-output>
        </test-method> <!-- afterClass -->
        <test-method is-config="true" signature="afterTest()[pri:0, instance:Organization_ModuleTest.CreateNewOrgTest@58a9760d]" started-at="2025-04-21T15:05:29 IST" name="afterTest" finished-at="2025-04-21T15:05:29 IST" duration-ms="1" status="PASS">
          <reporter-output>
            <line>
              <![CDATA[AT:Parallel Exe]]>
            </line>
          </reporter-output>
        </test-method> <!-- afterTest -->
        <test-method is-config="true" signature="afterSuit()[pri:0, instance:Organization_ModuleTest.CreateNewOrgTest@58a9760d]" started-at="2025-04-21T15:05:29 IST" name="afterSuit" finished-at="2025-04-21T15:05:29 IST" duration-ms="1" status="PASS">
          <reporter-output>
            <line>
              <![CDATA[Close DB connection]]>
            </line>
          </reporter-output>
        </test-method> <!-- afterSuit -->
      </class> <!-- Organization_ModuleTest.CreateNewOrgTest -->
    </test> <!-- Default test -->
  </suite> <!-- Default suite -->
</testng-results>
